{"C:\\Users\\Gaju Nadege\\Desktop\\RG-API-master\\server\\index.js":{"path":"C:\\Users\\Gaju Nadege\\Desktop\\RG-API-master\\server\\index.js","statementMap":{"0":{"start":{"line":3,"column":0},"end":{"line":5,"column":3}},"1":{"start":{"line":6,"column":0},"end":{"line":6,"column":28}},"2":{"start":{"line":8,"column":24},"end":{"line":8,"column":77}},"3":{"start":{"line":10,"column":15},"end":{"line":10,"column":62}},"4":{"start":{"line":12,"column":12},"end":{"line":12,"column":51}},"5":{"start":{"line":14,"column":15},"end":{"line":14,"column":57}},"6":{"start":{"line":16,"column":16},"end":{"line":16,"column":72}},"7":{"start":{"line":18,"column":12},"end":{"line":18,"column":63}},"8":{"start":{"line":20,"column":12},"end":{"line":20,"column":63}},"9":{"start":{"line":22,"column":16},"end":{"line":22,"column":71}},"10":{"start":{"line":24,"column":16},"end":{"line":24,"column":71}},"11":{"start":{"line":26,"column":39},"end":{"line":26,"column":95}},"12":{"start":{"line":52,"column":11},"end":{"line":52,"column":35}},"13":{"start":{"line":53,"column":0},"end":{"line":53,"column":28}},"14":{"start":{"line":54,"column":10},"end":{"line":54,"column":36}},"15":{"start":{"line":55,"column":0},"end":{"line":55,"column":33}},"16":{"start":{"line":56,"column":0},"end":{"line":56,"column":36}},"17":{"start":{"line":57,"column":0},"end":{"line":57,"column":40}},"18":{"start":{"line":58,"column":0},"end":{"line":58,"column":39}},"19":{"start":{"line":59,"column":0},"end":{"line":59,"column":46}},"20":{"start":{"line":60,"column":0},"end":{"line":60,"column":46}},"21":{"start":{"line":61,"column":0},"end":{"line":61,"column":113}},"22":{"start":{"line":66,"column":0},"end":{"line":68,"column":3}},"23":{"start":{"line":67,"column":2},"end":{"line":67,"column":49}},"24":{"start":{"line":69,"column":0},"end":{"line":69,"column":28}},"25":{"start":{"line":70,"column":15},"end":{"line":70,"column":18}},"26":{"start":{"line":71,"column":0},"end":{"line":71,"column":30}}},"fnMap":{"0":{"name":"_interopRequireDefault","decl":{"start":{"line":26,"column":9},"end":{"line":26,"column":31}},"loc":{"start":{"line":26,"column":37},"end":{"line":26,"column":97}},"line":26},"1":{"name":"(anonymous_1)","decl":{"start":{"line":66,"column":17},"end":{"line":66,"column":18}},"loc":{"start":{"line":66,"column":29},"end":{"line":68,"column":1}},"line":66}},"branchMap":{"0":{"loc":{"start":{"line":26,"column":46},"end":{"line":26,"column":94}},"type":"cond-expr","locations":[{"start":{"line":26,"column":70},"end":{"line":26,"column":73}},{"start":{"line":26,"column":76},"end":{"line":26,"column":94}}],"line":26},"1":{"loc":{"start":{"line":26,"column":46},"end":{"line":26,"column":67}},"type":"binary-expr","locations":[{"start":{"line":26,"column":46},"end":{"line":26,"column":49}},{"start":{"line":26,"column":53},"end":{"line":26,"column":67}}],"line":26},"2":{"loc":{"start":{"line":52,"column":11},"end":{"line":52,"column":35}},"type":"binary-expr","locations":[{"start":{"line":52,"column":11},"end":{"line":52,"column":27}},{"start":{"line":52,"column":31},"end":{"line":52,"column":35}}],"line":52}},"s":{"0":1,"1":1,"2":1,"3":1,"4":1,"5":1,"6":1,"7":1,"8":1,"9":1,"10":1,"11":9,"12":1,"13":1,"14":1,"15":1,"16":1,"17":1,"18":1,"19":1,"20":1,"21":1,"22":1,"23":0,"24":1,"25":1,"26":1},"f":{"0":9,"1":0},"b":{"0":[6,3],"1":[9,9],"2":[1,1]},"inputSourceMap":{"version":3,"sources":["index.js"],"names":["PORT","process","env","app","use","express","json","userRouter","postRouter","messageRoutes","commentRouter","swaggerUi","serve","setup","swaggerOptions","listen","console","log"],"mappings":";;;;;;;AA+BA;;AACA;;AACA;;AACA;;AACA;;AACA;;AACA;;AACA;;AACA;;;;AAvCA;AACA;AACA;AACA;AACA;AACA;AACA;AACA;AAEA;AAEA;AACA;AAEA;AAEA;AACA;AACA;AACA;AACA;AACA;AACA;AAEA;AACA;AACA;AAEA;AAEA;AAYA,IAAMA,IAAI,GAAGC,OAAO,CAACC,GAAR,CAAYF,IAAZ,IAAoB,IAAjC;AACA;AAEA,IAAMG,GAAG,GAAG,0BAAZ;AACAA,GAAG,CAACC,GAAJ,CAAQ,uBAAR;AAEAD,GAAG,CAACC,GAAJ,CAAQC,oBAAQC,IAAR,EAAR;AAGAH,GAAG,CAACC,GAAJ,CAAQ,YAAR,EAAsBG,gBAAtB;AAEAJ,GAAG,CAACC,GAAJ,CAAQ,WAAR,EAAqBI,gBAArB;AACAL,GAAG,CAACC,GAAJ,CAAQ,cAAR,EAAwBK,oBAAxB;AACAN,GAAG,CAACC,GAAJ,CAAQ,cAAR,EAAwBM,oBAAxB;AACAP,GAAG,CAACC,GAAJ,CAAQ,UAAR,EAAoBO,6BAAUC,KAA9B,EAAqCD,6BAAUE,KAAV,CAAgBC,mBAAhB,CAArC,E,CACA;AACA;AACC;AACD;;AAGAX,GAAG,CAACY,MAAJ,CAAWf,IAAX,EAAiB,YAAM;AACrBgB,EAAAA,OAAO,CAACC,GAAR,6BAAiCjB,IAAjC;AACD,CAFD;AAIA;eAEeG,G","sourceRoot":"C:\\Users\\Gaju Nadege\\Desktop\\RG-API-master\\server\\","sourcesContent":["// import swaggerUi from \"swagger-ui-express\";\n// import swaggerOptions from \"./swagger.js\";\n// import express from \"express\";\n// import mongoConnect from \"./config/db.config.js\";\n// import userRouter from \"./routes/user.js\";\n// import postRouter from \"./routes/blog.js\";\n// import messageRoutes from \"./routes/messages.js\";\n// import commentRouter from \"./routes/comments.js\";\n\n// const app = express();\n\n// app.use(express.json());\n// const PORT = process.env.PORT || 3000;\n\n// app.use(\"/api/users\", userRouter);\n\n// app.use(\"/api/post\", postRouter);\n// app.use(\"/api/message\", messageRoutes);\n// app.use(\"/api/comment\", commentRouter);\n// app.use(\"/api/port\", swaggerUi.serve, swaggerUi.setup(swaggerOptions));\n// app.use(\"/\", (req, res) => {\n//   res.send(\"<h1>Welcome to the API</h1>\");\n// });\n\n// app.listen(PORT, () => {\n//   console.log(`Server Started at ${PORT}`);\n// });\n\n// mongoConnect();\n\n// export default app;\nimport swaggerUi from \"swagger-ui-express\";\nimport swaggerOptions from \"./swagger.js\";\nimport cors from \"cors\";\nimport express from \"express\";\nimport mongoConnect from \"./config/db.config.js\";\nimport userRouter from \"./routes/user.js\";\nimport postRouter from \"./routes/blog.js\";\nimport messageRoutes from \"./routes/messages.js\";\nimport commentRouter from \"./routes/comments.js\";\n\n\nconst PORT = process.env.PORT || 3000;\nmongoConnect();\n\nconst app = express();\napp.use(cors());\n\napp.use(express.json());\n\n\napp.use(\"/api/users\", userRouter);\n\napp.use(\"/api/post\", postRouter);\napp.use(\"/api/message\", messageRoutes);\napp.use(\"/api/comment\", commentRouter);\napp.use(\"api/docs\", swaggerUi.serve, swaggerUi.setup(swaggerOptions));\n//app.use(\"/api/port\", swaggerUi.serve, swaggerUi.setup(swaggerOptions));\n//.use(\"/\", (req, res) => {\n // res.send(\"<h1>Welcome to the API</h1>\");\n//});\n\n\napp.listen(PORT, () => {\n  console.log(`Server Started at ${PORT}`);\n});\n\nmongoConnect();\n\nexport default app;\n"]},"_coverageSchema":"1a1c01bbd47fc00a2c39e90264f33305004495a9","hash":"aceefe5143196c3ef73bf4f4a1e5833e6ac773c5","contentHash":"b14f9e8af912193f3e90bed222c95a9f71a8a98d4363c6e28b3854e4c8e4f730"},"C:\\Users\\Gaju Nadege\\Desktop\\RG-API-master\\server\\swagger.js":{"path":"C:\\Users\\Gaju Nadege\\Desktop\\RG-API-master\\server\\swagger.js","statementMap":{"0":{"start":{"line":3,"column":0},"end":{"line":5,"column":3}},"1":{"start":{"line":6,"column":0},"end":{"line":6,"column":28}},"2":{"start":{"line":7,"column":13},"end":{"line":523,"column":1}},"3":{"start":{"line":524,"column":15},"end":{"line":524,"column":21}},"4":{"start":{"line":525,"column":0},"end":{"line":525,"column":30}}},"fnMap":{},"branchMap":{},"s":{"0":1,"1":1,"2":1,"3":1,"4":1},"f":{},"b":{},"inputSourceMap":{"version":3,"sources":["swagger.js"],"names":["config","swagger","info","version","title","description","schemes","securityDefinitions","JWT","type","name","tags","consumes","produces","paths","get","summary","operationId","requestBody","content","schema","required","responses","security","post","parameters","properties","names","example","email","password"],"mappings":";;;;;;AAAA,IAAMA,MAAM,GAAG;AACbC,EAAAA,OAAO,EAAE,KADI;AAEbC,EAAAA,IAAI,EAAE;AACJC,IAAAA,OAAO,EAAE,QADL;AAEJC,IAAAA,KAAK,EAAE,+BAFH;AAGJC,IAAAA,WAAW,EAAE;AAHT,GAFO;AAQbC,EAAAA,OAAO,EAAE,CAAC,MAAD,EAAS,OAAT,CARI;AASbC,EAAAA,mBAAmB,EAAE;AACnBC,IAAAA,GAAG,EAAE;AACHC,MAAAA,IAAI,EAAE,QADH;AAEHC,MAAAA,IAAI,EAAE,eAFH;AAGH,YAAI;AAHD;AADc,GATR;AAgBbC,EAAAA,IAAI,EAAE,CACJ;AACED,IAAAA,IAAI,EAAE;AADR,GADI,CAhBO;AAqBbE,EAAAA,QAAQ,EAAE,CAAC,kBAAD,CArBG;AAsBbC,EAAAA,QAAQ,EAAE,CAAC,kBAAD,CAtBG;AAuBbC,EAAAA,KAAK,EAAE;AACL,SAAK;AACHC,MAAAA,GAAG,EAAE;AACHJ,QAAAA,IAAI,EAAE,CAAC,MAAD,CADH;AAEHK,QAAAA,OAAO,EAAE,2BAFN;AAGHC,QAAAA,WAAW,EAAE,EAHV;AAIHC,QAAAA,WAAW,EAAE;AACXb,UAAAA,WAAW,EAAE,sCADF;AAEXc,UAAAA,OAAO,EAAE;AACP,gCAAoB;AAClBC,cAAAA,MAAM,EAAE;AADU,aADb;AAIP,+BAAmB;AACjBA,cAAAA,MAAM,EAAE;AADS;AAJZ,WAFE;AAUXC,UAAAA,QAAQ,EAAE;AAVC,SAJV;AAgBHC,QAAAA,SAAS,EAAE;AACT,eAAK;AACHjB,YAAAA,WAAW,EAAE,+BADV;AAEHc,YAAAA,OAAO,EAAE;AAFN;AADI,SAhBR;AAsBH,uCAA+B;AAtB5B;AADF,KADA;AA2BL,yBAAqB;AACnBJ,MAAAA,GAAG,EAAE;AACHJ,QAAAA,IAAI,EAAE,CAAC,OAAD,CADH;AAEHK,QAAAA,OAAO,EAAE,sCAFN;AAGHC,QAAAA,WAAW,EAAE,EAHV;AAIHM,QAAAA,QAAQ,EAAE,CACR;AACEf,UAAAA,GAAG,EAAE;AADP,SADQ,CAJP;AASHU,QAAAA,WAAW,EAAE;AACXb,UAAAA,WAAW,EAAE,sCADF;AAEXc,UAAAA,OAAO,EAAE;AACP,gCAAoB;AAClBC,cAAAA,MAAM,EAAE;AADU,aADb;AAIP,+BAAmB;AACjBA,cAAAA,MAAM,EAAE;AADS;AAJZ,WAFE;AAUXC,UAAAA,QAAQ,EAAE;AAVC,SATV;AAqBHC,QAAAA,SAAS,EAAE;AACT,eAAK;AACHjB,YAAAA,WAAW,EAAE,+BADV;AAEHc,YAAAA,OAAO,EAAE;AAFN;AADI,SArBR;AA2BH,uCAA+B;AA3B5B;AADc,KA3BhB;AA0DL,yBAAqB;AACnBK,MAAAA,IAAI,EAAE;AACJb,QAAAA,IAAI,EAAE,CAAC,OAAD,CADF;AAEJK,QAAAA,OAAO,EAAE,qBAFL;AAGJX,QAAAA,WAAW,EAAE,EAHT;AAIJQ,QAAAA,QAAQ,EAAE,CAAC,kBAAD,CAJN;AAKJY,QAAAA,UAAU,EAAE,CACV;AACEf,UAAAA,IAAI,EAAE,kBADR;AAEE,gBAAI,MAFN;AAGEL,UAAAA,WAAW,EAAE,iBAHf;AAIEgB,UAAAA,QAAQ,EAAE,IAJZ;AAKED,UAAAA,MAAM,EAAE;AACNX,YAAAA,IAAI,EAAE,QADA;AAENiB,YAAAA,UAAU,EAAE;AACVC,cAAAA,KAAK,EAAE;AACLlB,gBAAAA,IAAI,EAAE,QADD;AAELmB,gBAAAA,OAAO,EAAE;AAFJ,eADG;AAKVC,cAAAA,KAAK,EAAE;AACLpB,gBAAAA,IAAI,EAAE,QADD;AAELmB,gBAAAA,OAAO,EAAE;AAFJ,eALG;AAUVE,cAAAA,QAAQ,EAAE;AACRrB,gBAAAA,IAAI,EAAE,QADE;AAERmB,gBAAAA,OAAO,EAAE;AAFD;AAVA;AAFN;AALV,SADU,CALR;AA+BJN,QAAAA,SAAS,EAAE;AACT,eAAK;AACHjB,YAAAA,WAAW,EAAE;AADV,WADI;AAIT,eAAK;AACHA,YAAAA,WAAW,EAAE;AADV,WAJI;AAOT,eAAK;AACHA,YAAAA,WAAW,EAAE;AADV;AAPI;AA/BP,OADa;AA4CnB,qCAA+B;AA5CZ,KA1DhB;AAwGL,yBAAqB;AACnBmB,MAAAA,IAAI,EAAE;AACJb,QAAAA,IAAI,EAAE,CAAC,OAAD,CADF;AAEJK,QAAAA,OAAO,EAAE,aAFL;AAGJX,QAAAA,WAAW,EAAE,EAHT;AAIJkB,QAAAA,QAAQ,EAAE,CACR;AACEf,UAAAA,GAAG,EAAE;AADP,SADQ,CAJN;AASJK,QAAAA,QAAQ,EAAE,CAAC,kBAAD,CATN;AAUJY,QAAAA,UAAU,EAAE,CACV;AACEf,UAAAA,IAAI,EAAE,kBADR;AAEE,gBAAI,MAFN;AAGEL,UAAAA,WAAW,EAAE,iBAHf;AAIEgB,UAAAA,QAAQ,EAAE,IAJZ;AAKED,UAAAA,MAAM,EAAE;AACNX,YAAAA,IAAI,EAAE,QADA;AAENiB,YAAAA,UAAU,EAAE;AACVG,cAAAA,KAAK,EAAE;AACLpB,gBAAAA,IAAI,EAAE,QADD;AAELmB,gBAAAA,OAAO,EAAE;AAFJ,eADG;AAKVE,cAAAA,QAAQ,EAAE;AACRrB,gBAAAA,IAAI,EAAE,QADE;AAERmB,gBAAAA,OAAO,EAAE;AAFD;AALA;AAFN;AALV,SADU,CAVR;AA+BJN,QAAAA,SAAS,EAAE;AACT,eAAK;AACHjB,YAAAA,WAAW,EAAE;AADV,WADI;AAIT,eAAK;AACHA,YAAAA,WAAW,EAAE;AADV,WAJI;AAOT,eAAK;AACHA,YAAAA,WAAW,EAAE;AADV;AAPI;AA/BP,OADa;AA4CnB,qCAA+B;AA5CZ,KAxGhB;AAsJL,uBAAmB;AACjBU,MAAAA,GAAG,EAAE;AACHJ,QAAAA,IAAI,EAAE,CAAC,OAAD,CADH;AAEHK,QAAAA,OAAO,EAAE,gBAFN;AAGHS,QAAAA,UAAU,EAAE,CACV;AACE,gBAAI,MADN;AAEEf,UAAAA,IAAI,EAAE,IAFR;AAGED,UAAAA,IAAI,EAAE,QAHR;AAIEY,UAAAA,QAAQ,EAAE,IAJZ;AAKEhB,UAAAA,WAAW,EAAE;AALf,SADU,CAHT;AAYHY,QAAAA,WAAW,EAAE,EAZV;AAaHM,QAAAA,QAAQ,EAAE,CACR;AACEf,UAAAA,GAAG,EAAE;AADP,SADQ,CAbP;AAkBHU,QAAAA,WAAW,EAAE;AACXb,UAAAA,WAAW,EAAE,2DADF;AAEXc,UAAAA,OAAO,EAAE;AACP,gCAAoB;AAClBC,cAAAA,MAAM,EAAE;AADU,aADb;AAIP,+BAAmB;AACjBA,cAAAA,MAAM,EAAE;AADS;AAJZ,WAFE;AAWXC,UAAAA,QAAQ,EAAE;AAXC,SAlBV;AA+BHC,QAAAA,SAAS,EAAE;AACT,eAAK;AACHjB,YAAAA,WAAW,EAAE,4CADV;AAEHc,YAAAA,OAAO,EAAE;AAFN,WADI;AAKT,eAAK;AACHd,YAAAA,WAAW,EAAE,+BADV;AAEHc,YAAAA,OAAO,EAAE;AAFN;AALI,SA/BR;AAyCH,uCAA+B;AAzC5B;AADY,KAtJd;AAmML,0BAAsB;AACpB,gBAAQ;AACNR,QAAAA,IAAI,EAAE,CAAC,OAAD,CADA;AAENK,QAAAA,OAAO,EAAE,iBAFH;AAGNS,QAAAA,UAAU,EAAE,CACV;AACE,gBAAI,MADN;AAEEf,UAAAA,IAAI,EAAE,IAFR;AAGED,UAAAA,IAAI,EAAE,QAHR;AAIEY,UAAAA,QAAQ,EAAE,IAJZ;AAKEhB,UAAAA,WAAW,EAAE;AALf,SADU,CAHN;AAYNY,QAAAA,WAAW,EAAE,EAZP;AAaNM,QAAAA,QAAQ,EAAE,CACR;AACEf,UAAAA,GAAG,EAAE;AADP,SADQ,CAbJ;AAkBNU,QAAAA,WAAW,EAAE;AACXb,UAAAA,WAAW,EAAE,mCADF;AAEXc,UAAAA,OAAO,EAAE;AACP,gCAAoB;AAClBC,cAAAA,MAAM,EAAE;AADU,aADb;AAIP,+BAAmB;AACjBA,cAAAA,MAAM,EAAE;AADS;AAJZ,WAFE;AAWXC,UAAAA,QAAQ,EAAE;AAXC,SAlBP;AA+BNC,QAAAA,SAAS,EAAE;AACT,eAAK;AACHjB,YAAAA,WAAW,EAAE,2CADV;AAEHc,YAAAA,OAAO,EAAE;AAFN,WADI;AAKT,eAAK;AACHd,YAAAA,WAAW,EAAE,+BADV;AAEHc,YAAAA,OAAO,EAAE;AAFN;AALI,SA/BL;AAyCN,uCAA+B;AAzCzB;AADY,KAnMjB;AAiPL,sBAAkB;AAChBK,MAAAA,IAAI,EAAE;AACJb,QAAAA,IAAI,EAAE,CAAC,MAAD,CADF;AAEJK,QAAAA,OAAO,EAAE,qBAFL;AAGJX,QAAAA,WAAW,EAAE,EAHT;AAIJkB,QAAAA,QAAQ,EAAE,CACR;AACEf,UAAAA,GAAG,EAAE;AADP,SADQ,CAJN;AASJK,QAAAA,QAAQ,EAAE,CAAC,kBAAD,CATN;AAUJY,QAAAA,UAAU,EAAE,CACV;AACE,gBAAI,MADN;AAEEf,UAAAA,IAAI,EAAE,IAFR;AAGED,UAAAA,IAAI,EAAE,QAHR;AAIEY,UAAAA,QAAQ,EAAE,IAJZ;AAKEhB,UAAAA,WAAW,EAAE;AALf,SADU,EAQV;AACEK,UAAAA,IAAI,EAAE,kBADR;AAEE,gBAAI,MAFN;AAGEL,UAAAA,WAAW,EAAE,wBAHf;AAIEgB,UAAAA,QAAQ,EAAE,IAJZ;AAKED,UAAAA,MAAM,EAAE;AACNX,YAAAA,IAAI,EAAE,QADA;AAENiB,YAAAA,UAAU,EAAE;AACVtB,cAAAA,KAAK,EAAE;AACLK,gBAAAA,IAAI,EAAE,QADD;AAELmB,gBAAAA,OAAO,EAAE;AAFJ,eADG;AAKVT,cAAAA,OAAO,EAAE;AACPV,gBAAAA,IAAI,EAAE,QADC;AAEPmB,gBAAAA,OAAO,EAAE;AAFF;AALC;AAFN;AALV,SARU,CAVR;AAsCJN,QAAAA,SAAS,EAAE;AACT,eAAK;AACHjB,YAAAA,WAAW,EAAE;AADV,WADI;AAIT,eAAK;AACHA,YAAAA,WAAW,EAAE;AADV;AAJI;AAtCP,OADU;AAgDhB,qCAA+B;AAhDf,KAjPb;AAoSL,wBAAoB;AAClBU,MAAAA,GAAG,EAAE;AACHJ,QAAAA,IAAI,EAAE,CAAC,MAAD,CADH;AAEHK,QAAAA,OAAO,EAAE,uCAFN;AAGHC,QAAAA,WAAW,EAAE,EAHV;AAIHM,QAAAA,QAAQ,EAAE,CACR;AACEf,UAAAA,GAAG,EAAE;AADP,SADQ,CAJP;AASHU,QAAAA,WAAW,EAAE;AACXb,UAAAA,WAAW,EAAE,sCADF;AAEXc,UAAAA,OAAO,EAAE;AACP,gCAAoB;AAClBC,cAAAA,MAAM,EAAE;AADU,aADb;AAIP,+BAAmB;AACjBA,cAAAA,MAAM,EAAE;AADS;AAJZ,WAFE;AAUXC,UAAAA,QAAQ,EAAE;AAVC,SATV;AAqBHC,QAAAA,SAAS,EAAE;AACT,eAAK;AACHjB,YAAAA,WAAW,EAAE,+BADV;AAEHc,YAAAA,OAAO,EAAE;AAFN;AADI,SArBR;AA2BH,uCAA+B;AA3B5B;AADa,KApSf;AAoUL,kBAAc;AACZK,MAAAA,IAAI,EAAE;AACJb,QAAAA,IAAI,EAAE,CAAC,MAAD,CADF;AAEJK,QAAAA,OAAO,EAAE,gBAFL;AAGJS,QAAAA,UAAU,EAAE,CACV;AACE,gBAAI,MADN;AAEEf,UAAAA,IAAI,EAAE,IAFR;AAGED,UAAAA,IAAI,EAAE,QAHR;AAIEY,UAAAA,QAAQ,EAAE,IAJZ;AAKEhB,UAAAA,WAAW,EAAE;AALf,SADU,CAHR;AAYJY,QAAAA,WAAW,EAAE,EAZT;AAaJM,QAAAA,QAAQ,EAAE,CACR;AACEf,UAAAA,GAAG,EAAE;AADP,SADQ,CAbN;AAkBJU,QAAAA,WAAW,EAAE;AACXb,UAAAA,WAAW,EAAE,sDADF;AAEXc,UAAAA,OAAO,EAAE;AACP,gCAAoB;AAClBC,cAAAA,MAAM,EAAE;AADU,aADb;AAIP,+BAAmB;AACjBA,cAAAA,MAAM,EAAE;AADS;AAJZ,WAFE;AAWXC,UAAAA,QAAQ,EAAE;AAXC,SAlBT;AA+BJC,QAAAA,SAAS,EAAE;AACT,eAAK;AACHjB,YAAAA,WAAW,EAAE,4CADV;AAEHc,YAAAA,OAAO,EAAE;AAFN,WADI;AAKT,eAAK;AACHd,YAAAA,WAAW,EAAE,+BADV;AAEHc,YAAAA,OAAO,EAAE;AAFN;AALI,SA/BP;AAyCJ,uCAA+B;AAzC3B;AADM,KApUT;AAkXL,6BAAyB;AACvB,gBAAQ;AACNR,QAAAA,IAAI,EAAE,CAAC,MAAD,CADA;AAENK,QAAAA,OAAO,EAAE,iBAFH;AAGNS,QAAAA,UAAU,EAAE,CACV;AACE,gBAAI,MADN;AAEEf,UAAAA,IAAI,EAAE,IAFR;AAGED,UAAAA,IAAI,EAAE,QAHR;AAIEY,UAAAA,QAAQ,EAAE,IAJZ;AAKEhB,UAAAA,WAAW,EAAE;AALf,SADU,CAHN;AAYNY,QAAAA,WAAW,EAAE,EAZP;AAaNM,QAAAA,QAAQ,EAAE,CACR;AACEf,UAAAA,GAAG,EAAE;AADP,SADQ,CAbJ;AAkBNU,QAAAA,WAAW,EAAE;AACXb,UAAAA,WAAW,EAAE,mCADF;AAEXc,UAAAA,OAAO,EAAE;AACP,gCAAoB;AAClBC,cAAAA,MAAM,EAAE;AADU,aADb;AAIP,+BAAmB;AACjBA,cAAAA,MAAM,EAAE;AADS;AAJZ,WAFE;AAWXC,UAAAA,QAAQ,EAAE;AAXC,SAlBP;AA+BNC,QAAAA,SAAS,EAAE;AACT,eAAK;AACHjB,YAAAA,WAAW,EAAE,2CADV;AAEHc,YAAAA,OAAO,EAAE;AAFN,WADI;AAKT,eAAK;AACHd,YAAAA,WAAW,EAAE,+BADV;AAEHc,YAAAA,OAAO,EAAE;AAFN;AALI,SA/BL;AAyCN,uCAA+B;AAzCzB;AADe,KAlXpB;AAgaL,2BAAuB;AACrBK,MAAAA,IAAI,EAAE;AACJb,QAAAA,IAAI,EAAE,CAAC,SAAD,CADF;AAEJK,QAAAA,OAAO,EAAE,mBAFL;AAGJS,QAAAA,UAAU,EAAE,CACV;AACE,gBAAI,MADN;AAEEf,UAAAA,IAAI,EAAE,IAFR;AAGED,UAAAA,IAAI,EAAE,QAHR;AAIEY,UAAAA,QAAQ,EAAE,IAJZ;AAKEhB,UAAAA,WAAW,EAAE;AALf,SADU,CAHR;AAYJY,QAAAA,WAAW,EAAE,EAZT;AAaJM,QAAAA,QAAQ,EAAE,CACR;AACEf,UAAAA,GAAG,EAAE;AADP,SADQ,CAbN;AAkBJU,QAAAA,WAAW,EAAE;AACXb,UAAAA,WAAW,EAAE,iBADF;AAEXc,UAAAA,OAAO,EAAE;AACP,gCAAoB;AAClBC,cAAAA,MAAM,EAAE;AADU,aADb;AAIP,+BAAmB;AACjBA,cAAAA,MAAM,EAAE;AADS;AAJZ,WAFE;AAWXC,UAAAA,QAAQ,EAAE;AAXC,SAlBT;AA+BJC,QAAAA,SAAS,EAAE;AACT,eAAK;AACHjB,YAAAA,WAAW,EAAE,2CADV;AAEHc,YAAAA,OAAO,EAAE;AAFN,WADI;AAKT,eAAK;AACHd,YAAAA,WAAW,EAAE,+BADV;AAEHc,YAAAA,OAAO,EAAE;AAFN;AALI,SA/BP;AAyCJ,uCAA+B;AAzC3B;AADe,KAhalB;AA8cL,4BAAwB;AACtB,gBAAQ;AACNR,QAAAA,IAAI,EAAE,CAAC,SAAD,CADA;AAENK,QAAAA,OAAO,EAAE,oBAFH;AAGNS,QAAAA,UAAU,EAAE,CACV;AACE,gBAAI,MADN;AAEEf,UAAAA,IAAI,EAAE,IAFR;AAGED,UAAAA,IAAI,EAAE,QAHR;AAIEY,UAAAA,QAAQ,EAAE,IAJZ;AAKEhB,UAAAA,WAAW,EAAE;AALf,SADU,CAHN;AAYNY,QAAAA,WAAW,EAAE,EAZP;AAaNM,QAAAA,QAAQ,EAAE,CACR;AACEf,UAAAA,GAAG,EAAE;AADP,SADQ,CAbJ;AAkBNU,QAAAA,WAAW,EAAE;AACXb,UAAAA,WAAW,EAAE,sCADF;AAEXc,UAAAA,OAAO,EAAE;AACP,gCAAoB;AAClBC,cAAAA,MAAM,EAAE;AADU,aADb;AAIP,+BAAmB;AACjBA,cAAAA,MAAM,EAAE;AADS;AAJZ,WAFE;AAWXC,UAAAA,QAAQ,EAAE;AAXC,SAlBP;AA+BNC,QAAAA,SAAS,EAAE;AACT,eAAK;AACHjB,YAAAA,WAAW,EAAE,2CADV;AAEHc,YAAAA,OAAO,EAAE;AAFN,WADI;AAKT,eAAK;AACHd,YAAAA,WAAW,EAAE,+BADV;AAEHc,YAAAA,OAAO,EAAE;AAFN;AALI,SA/BL;AAyCN,uCAA+B;AAzCzB;AADc,KA9cnB;AA4fL,4BAAwB;AACtBJ,MAAAA,GAAG,EAAE;AACHJ,QAAAA,IAAI,EAAE,CAAC,SAAD,CADH;AAEHK,QAAAA,OAAO,EAAE,kBAFN;AAGHS,QAAAA,UAAU,EAAE,CACV;AACE,gBAAI,MADN;AAEEf,UAAAA,IAAI,EAAE,IAFR;AAGED,UAAAA,IAAI,EAAE,QAHR;AAIEY,UAAAA,QAAQ,EAAE,IAJZ;AAKEhB,UAAAA,WAAW,EAAE;AALf,SADU,CAHT;AAYHY,QAAAA,WAAW,EAAE,EAZV;AAaHM,QAAAA,QAAQ,EAAE,CACR;AACEf,UAAAA,GAAG,EAAE;AADP,SADQ,CAbP;AAkBHU,QAAAA,WAAW,EAAE;AACXb,UAAAA,WAAW,EAAE,wCADF;AAEXc,UAAAA,OAAO,EAAE;AACP,gCAAoB;AAClBC,cAAAA,MAAM,EAAE;AADU,aADb;AAIP,+BAAmB;AACjBA,cAAAA,MAAM,EAAE;AADS;AAJZ,WAFE;AAWXC,UAAAA,QAAQ,EAAE;AAXC,SAlBV;AA+BHC,QAAAA,SAAS,EAAE;AACT,eAAK;AACHjB,YAAAA,WAAW,EAAE,2CADV;AAEHc,YAAAA,OAAO,EAAE;AAFN,WADI;AAKT,eAAK;AACHd,YAAAA,WAAW,EAAE,+BADV;AAEHc,YAAAA,OAAO,EAAE;AAFN;AALI,SA/BR;AAyCH,uCAA+B;AAzC5B;AADiB;AA5fnB;AAvBM,CAAf;eAmkBenB,M","sourceRoot":"C:\\Users\\Gaju Nadege\\Desktop\\RG-API-master\\server\\","sourcesContent":["const config = {\n  swagger: \"2.0\",\n  info: {\n    version: \"1.0.0.\",\n    title: \"Portifolio APIS documentation\",\n    description: \"\",\n  },\n\n  schemes: [\"http\", \"httpS\"],\n  securityDefinitions: {\n    JWT: {\n      type: \"apiKey\",\n      name: \"Authorization\",\n      in: \"header\",\n    },\n  },\n  tags: [\n    {\n      name: \"Portifolio APIS documentation\",\n    },\n  ],\n  consumes: [\"application/json\"],\n  produces: [\"application/json\"],\n  paths: {\n    \"/\": {\n      get: {\n        tags: [\"home\"],\n        summary: \"Default message on server\",\n        operationId: \"\",\n        requestBody: {\n          description: \"default router should return message\",\n          content: {\n            \"application/json\": {\n              schema: {},\n            },\n            \"application/xml\": {\n              schema: {},\n            },\n          },\n          required: false,\n        },\n        responses: {\n          200: {\n            description: \"Message of successful request\",\n            content: {},\n          },\n        },\n        \"x-codegen-request-body-name\": \"body\",\n      },\n    },\n    \"/api/users/getAll\": {\n      get: {\n        tags: [\"users\"],\n        summary: \"retrieves all user from the database\",\n        operationId: \"\",\n        security: [\n          {\n            JWT: [],\n          },\n        ],\n        requestBody: {\n          description: \"default router should return message\",\n          content: {\n            \"application/json\": {\n              schema: {},\n            },\n            \"application/xml\": {\n              schema: {},\n            },\n          },\n          required: false,\n        },\n        responses: {\n          200: {\n            description: \"Message of successful request\",\n            content: {},\n          },\n        },\n        \"x-codegen-request-body-name\": \"body\",\n      },\n    },\n    \"/api/users/signup\": {\n      post: {\n        tags: [\"users\"],\n        summary: \"creating a new user\",\n        description: \"\",\n        produces: [\"application/json\"],\n        parameters: [\n          {\n            name: \"user information\",\n            in: \"body\",\n            description: \"The user's info\",\n            required: true,\n            schema: {\n              type: \"object\",\n              properties: {\n                names: {\n                  type: \"string\",\n                  example: \"yubahwe\",\n                },\n                email: {\n                  type: \"string\",\n                  example: \"clem@gmail.com\",\n                },\n\n                password: {\n                  type: \"string\",\n                  example: \"admin12345\",\n                },\n              },\n            },\n          },\n        ],\n        responses: {\n          201: {\n            description: \"account has been created \",\n          },\n          400: {\n            description: \"Incorrect information\",\n          },\n          403: {\n            description: \"Email is already in use\",\n          },\n        },\n      },\n      \"x-codegen-request-body-name\": \"body\",\n    },\n    \"/api/users/signin\": {\n      post: {\n        tags: [\"users\"],\n        summary: \"log in user\",\n        description: \"\",\n        security: [\n          {\n            JWT: [],\n          },\n        ],\n        produces: [\"application/json\"],\n        parameters: [\n          {\n            name: \"user information\",\n            in: \"body\",\n            description: \"The user's name\",\n            required: true,\n            schema: {\n              type: \"object\",\n              properties: {\n                email: {\n                  type: \"string\",\n                  example: \"shema@gmail.com\",\n                },\n                password: {\n                  type: \"string\",\n                  example: \"admin12345\",\n                },\n              },\n            },\n          },\n        ],\n        responses: {\n          201: {\n            description: \"you are logged in succesfully\",\n          },\n          400: {\n            description: \"Incorrect password or email\",\n          },\n          403: {\n            description: \"Incorrect password or email\",\n          },\n        },\n      },\n      \"x-codegen-request-body-name\": \"body\",\n    },\n    \"/api/users/{id}\": {\n      get: {\n        tags: [\"users\"],\n        summary: \"get user by id\",\n        parameters: [\n          {\n            in: \"path\",\n            name: \"id\",\n            type: \"string\",\n            required: true,\n            description: \"id of user\",\n          },\n        ],\n        operationId: \"\",\n        security: [\n          {\n            JWT: [],\n          },\n        ],\n        requestBody: {\n          description: \"default router should view all articles that were created\",\n          content: {\n            \"application/json\": {\n              schema: {},\n            },\n            \"application/xml\": {\n              schema: {},\n            },\n          },\n\n          required: false,\n        },\n        responses: {\n          403: {\n            description: \"message of request when user is not found \",\n            content: {},\n          },\n          200: {\n            description: \"Message of successful request\",\n            content: {},\n          },\n        },\n        \"x-codegen-request-body-name\": \"body\",\n      },\n    },\n    \"/users/delete/{id}\": {\n      delete: {\n        tags: [\"users\"],\n        summary: \"deleting a user\",\n        parameters: [\n          {\n            in: \"path\",\n            name: \"id\",\n            type: \"string\",\n            required: true,\n            description: \"id of user\",\n          },\n        ],\n        operationId: \"\",\n        security: [\n          {\n            JWT: [],\n          },\n        ],\n        requestBody: {\n          description: \"deleting a user from the database\",\n          content: {\n            \"application/json\": {\n              schema: {},\n            },\n            \"application/xml\": {\n              schema: {},\n            },\n          },\n\n          required: false,\n        },\n        responses: {\n          403: {\n            description: \"message of request when user not deleted \",\n            content: {},\n          },\n          200: {\n            description: \"Message of successful request\",\n            content: {},\n          },\n        },\n        \"x-codegen-request-body-name\": \"body\",\n      },\n    },\n\n    \"/api/post/post\": {\n      post: {\n        tags: [\"post\"],\n        summary: \"creating a new post\",\n        description: \"\",\n        security: [\n          {\n            JWT: [],\n          },\n        ],\n        produces: [\"application/json\"],\n        parameters: [\n          {\n            in: \"path\",\n            name: \"id\",\n            type: \"string\",\n            required: true,\n            description: \"neww article\",\n          },\n          {\n            name: \"post information\",\n            in: \"body\",\n            description: \"The post's description\",\n            required: true,\n            schema: {\n              type: \"object\",\n              properties: {\n                title: {\n                  type: \"string\",\n                  example: \"brain tumor\",\n                },\n                content: {\n                  type: \"string\",\n                  example: \"hfhfbnvnnnvnv\",\n                },\n              },\n            },\n          },\n        ],\n        responses: {\n          201: {\n            description: \"post created successfully\",\n          },\n          400: {\n            description: \"Incorrect information\",\n          },\n        },\n      },\n      \"x-codegen-request-body-name\": \"body\",\n    },\n\n    \"/api/post/getAll\": {\n      get: {\n        tags: [\"post\"],\n        summary: \"retrieves all posts from the database\",\n        operationId: \"\",\n        security: [\n          {\n            JWT: [],\n          },\n        ],\n        requestBody: {\n          description: \"default router should return message\",\n          content: {\n            \"application/json\": {\n              schema: {},\n            },\n            \"application/xml\": {\n              schema: {},\n            },\n          },\n          required: false,\n        },\n        responses: {\n          200: {\n            description: \"Message of successful request\",\n            content: {},\n          },\n        },\n        \"x-codegen-request-body-name\": \"body\",\n      },\n    },\n\n    \"/post/{id}\": {\n      post: {\n        tags: [\"post\"],\n        summary: \"get post by id\",\n        parameters: [\n          {\n            in: \"path\",\n            name: \"id\",\n            type: \"string\",\n            required: true,\n            description: \"id of post\",\n          },\n        ],\n        operationId: \"\",\n        security: [\n          {\n            JWT: [],\n          },\n        ],\n        requestBody: {\n          description: \"default router should all articles that were created\",\n          content: {\n            \"application/json\": {\n              schema: {},\n            },\n            \"application/xml\": {\n              schema: {},\n            },\n          },\n\n          required: false,\n        },\n        responses: {\n          403: {\n            description: \"message of request when post is not found \",\n            content: {},\n          },\n          200: {\n            description: \"Message of successful request\",\n            content: {},\n          },\n        },\n        \"x-codegen-request-body-name\": \"body\",\n      },\n    },\n\n    \"/post/deletePost/{id}\": {\n      delete: {\n        tags: [\"post\"],\n        summary: \"deleting a post\",\n        parameters: [\n          {\n            in: \"path\",\n            name: \"id\",\n            type: \"string\",\n            required: true,\n            description: \"id of post\",\n          },\n        ],\n        operationId: \"\",\n        security: [\n          {\n            JWT: [],\n          },\n        ],\n        requestBody: {\n          description: \"deleting a post from the database\",\n          content: {\n            \"application/json\": {\n              schema: {},\n            },\n            \"application/xml\": {\n              schema: {},\n            },\n          },\n\n          required: false,\n        },\n        responses: {\n          403: {\n            description: \"message of request when user not deleted \",\n            content: {},\n          },\n          200: {\n            description: \"Message of successful request\",\n            content: {},\n          },\n        },\n        \"x-codegen-request-body-name\": \"body\",\n      },\n    },\n\n    \"/comment/addComment\": {\n      post: {\n        tags: [\"comment\"],\n        summary: \"Add a new Comment\",\n        parameters: [\n          {\n            in: \"path\",\n            name: \"id\",\n            type: \"string\",\n            required: true,\n            description: \"new comment\",\n          },\n        ],\n        operationId: \"\",\n        security: [\n          {\n            JWT: [],\n          },\n        ],\n        requestBody: {\n          description: \"Add new comment\",\n          content: {\n            \"application/json\": {\n              schema: {},\n            },\n            \"application/xml\": {\n              schema: {},\n            },\n          },\n\n          required: false,\n        },\n        responses: {\n          403: {\n            description: \"message of request when user not deleted \",\n            content: {},\n          },\n          200: {\n            description: \"Message of successful request\",\n            content: {},\n          },\n        },\n        \"x-codegen-request-body-name\": \"body\",\n      },\n    },\n\n    \"/comment/delete/{id}\": {\n      delete: {\n        tags: [\"comment\"],\n        summary: \"deleting a comment\",\n        parameters: [\n          {\n            in: \"path\",\n            name: \"id\",\n            type: \"string\",\n            required: true,\n            description: \"\",\n          },\n        ],\n        operationId: \"\",\n        security: [\n          {\n            JWT: [],\n          },\n        ],\n        requestBody: {\n          description: \"deleting a comment from the database\",\n          content: {\n            \"application/json\": {\n              schema: {},\n            },\n            \"application/xml\": {\n              schema: {},\n            },\n          },\n\n          required: false,\n        },\n        responses: {\n          403: {\n            description: \"message of request when user not deleted \",\n            content: {},\n          },\n          200: {\n            description: \"Message of successful request\",\n            content: {},\n          },\n        },\n        \"x-codegen-request-body-name\": \"body\",\n      },\n    },\n\n    \"/comment/getAll/{id}\": {\n      get: {\n        tags: [\"comment\"],\n        summary: \"get all comments\",\n        parameters: [\n          {\n            in: \"path\",\n            name: \"id\",\n            type: \"string\",\n            required: true,\n            description: \"\",\n          },\n        ],\n        operationId: \"\",\n        security: [\n          {\n            JWT: [],\n          },\n        ],\n        requestBody: {\n          description: \"getting all comments from the database\",\n          content: {\n            \"application/json\": {\n              schema: {},\n            },\n            \"application/xml\": {\n              schema: {},\n            },\n          },\n\n          required: false,\n        },\n        responses: {\n          403: {\n            description: \"message of request when user not deleted \",\n            content: {},\n          },\n          200: {\n            description: \"Message of successful request\",\n            content: {},\n          },\n        },\n        \"x-codegen-request-body-name\": \"body\",\n      },\n    },\n  },\n};\n\nexport default config;"]},"_coverageSchema":"1a1c01bbd47fc00a2c39e90264f33305004495a9","hash":"b18c00eeef386dc115126428bf8195359f7f2051","contentHash":"df5959eac7cb1dd35cc9fee81861ce2bf888a922cdb729ebb9faa2162415a666"},"C:\\Users\\Gaju Nadege\\Desktop\\RG-API-master\\server\\config\\db.config.js":{"path":"C:\\Users\\Gaju Nadege\\Desktop\\RG-API-master\\server\\config\\db.config.js","statementMap":{"0":{"start":{"line":3,"column":0},"end":{"line":5,"column":3}},"1":{"start":{"line":6,"column":0},"end":{"line":6,"column":28}},"2":{"start":{"line":8,"column":0},"end":{"line":8,"column":25}},"3":{"start":{"line":10,"column":16},"end":{"line":10,"column":59}},"4":{"start":{"line":12,"column":39},"end":{"line":12,"column":95}},"5":{"start":{"line":14,"column":77},"end":{"line":14,"column":175}},"6":{"start":{"line":14,"column":94},"end":{"line":14,"column":107}},"7":{"start":{"line":14,"column":121},"end":{"line":14,"column":131}},"8":{"start":{"line":14,"column":151},"end":{"line":14,"column":165}},"9":{"start":{"line":14,"column":166},"end":{"line":14,"column":173}},"10":{"start":{"line":14,"column":176},"end":{"line":14,"column":263}},"11":{"start":{"line":14,"column":193},"end":{"line":14,"column":208}},"12":{"start":{"line":14,"column":218},"end":{"line":14,"column":261}},"13":{"start":{"line":16,"column":33},"end":{"line":16,"column":387}},"14":{"start":{"line":16,"column":65},"end":{"line":16,"column":69}},"15":{"start":{"line":16,"column":78},"end":{"line":16,"column":87}},"16":{"start":{"line":16,"column":89},"end":{"line":16,"column":384}},"17":{"start":{"line":16,"column":147},"end":{"line":16,"column":167}},"18":{"start":{"line":16,"column":193},"end":{"line":16,"column":264}},"19":{"start":{"line":16,"column":290},"end":{"line":16,"column":360}},"20":{"start":{"line":16,"column":363},"end":{"line":16,"column":380}},"21":{"start":{"line":19,"column":32},"end":{"line":45,"column":3}},"22":{"start":{"line":20,"column":13},"end":{"line":40,"column":5}},"23":{"start":{"line":21,"column":4},"end":{"line":39,"column":16}},"24":{"start":{"line":22,"column":6},"end":{"line":38,"column":7}},"25":{"start":{"line":23,"column":8},"end":{"line":37,"column":9}},"26":{"start":{"line":25,"column":12},"end":{"line":25,"column":30}},"27":{"start":{"line":26,"column":12},"end":{"line":32,"column":15}},"28":{"start":{"line":29,"column":14},"end":{"line":29,"column":68}},"29":{"start":{"line":31,"column":14},"end":{"line":31,"column":38}},"30":{"start":{"line":36,"column":12},"end":{"line":36,"column":35}},"31":{"start":{"line":42,"column":2},"end":{"line":44,"column":4}},"32":{"start":{"line":43,"column":4},"end":{"line":43,"column":39}},"33":{"start":{"line":47,"column":15},"end":{"line":47,"column":27}},"34":{"start":{"line":48,"column":0},"end":{"line":48,"column":30}}},"fnMap":{"0":{"name":"_interopRequireDefault","decl":{"start":{"line":12,"column":9},"end":{"line":12,"column":31}},"loc":{"start":{"line":12,"column":37},"end":{"line":12,"column":97}},"line":12},"1":{"name":"asyncGeneratorStep","decl":{"start":{"line":14,"column":9},"end":{"line":14,"column":27}},"loc":{"start":{"line":14,"column":75},"end":{"line":14,"column":265}},"line":14},"2":{"name":"_asyncToGenerator","decl":{"start":{"line":16,"column":9},"end":{"line":16,"column":26}},"loc":{"start":{"line":16,"column":31},"end":{"line":16,"column":389}},"line":16},"3":{"name":"(anonymous_3)","decl":{"start":{"line":16,"column":40},"end":{"line":16,"column":41}},"loc":{"start":{"line":16,"column":52},"end":{"line":16,"column":386}},"line":16},"4":{"name":"(anonymous_4)","decl":{"start":{"line":16,"column":108},"end":{"line":16,"column":109}},"loc":{"start":{"line":16,"column":135},"end":{"line":16,"column":382}},"line":16},"5":{"name":"_next","decl":{"start":{"line":16,"column":178},"end":{"line":16,"column":183}},"loc":{"start":{"line":16,"column":191},"end":{"line":16,"column":266}},"line":16},"6":{"name":"_throw","decl":{"start":{"line":16,"column":276},"end":{"line":16,"column":282}},"loc":{"start":{"line":16,"column":288},"end":{"line":16,"column":362}},"line":16},"7":{"name":"(anonymous_7)","decl":{"start":{"line":19,"column":32},"end":{"line":19,"column":33}},"loc":{"start":{"line":19,"column":44},"end":{"line":45,"column":1}},"line":19},"8":{"name":"_callee","decl":{"start":{"line":20,"column":78},"end":{"line":20,"column":85}},"loc":{"start":{"line":20,"column":88},"end":{"line":40,"column":3}},"line":20},"9":{"name":"_callee$","decl":{"start":{"line":21,"column":44},"end":{"line":21,"column":52}},"loc":{"start":{"line":21,"column":63},"end":{"line":39,"column":5}},"line":21},"10":{"name":"(anonymous_10)","decl":{"start":{"line":28,"column":20},"end":{"line":28,"column":21}},"loc":{"start":{"line":28,"column":32},"end":{"line":30,"column":13}},"line":28},"11":{"name":"(anonymous_11)","decl":{"start":{"line":30,"column":24},"end":{"line":30,"column":25}},"loc":{"start":{"line":30,"column":39},"end":{"line":32,"column":13}},"line":30},"12":{"name":"mongoConnect","decl":{"start":{"line":42,"column":18},"end":{"line":42,"column":30}},"loc":{"start":{"line":42,"column":33},"end":{"line":44,"column":3}},"line":42}},"branchMap":{"0":{"loc":{"start":{"line":12,"column":46},"end":{"line":12,"column":94}},"type":"cond-expr","locations":[{"start":{"line":12,"column":70},"end":{"line":12,"column":73}},{"start":{"line":12,"column":76},"end":{"line":12,"column":94}}],"line":12},"1":{"loc":{"start":{"line":12,"column":46},"end":{"line":12,"column":67}},"type":"binary-expr","locations":[{"start":{"line":12,"column":46},"end":{"line":12,"column":49}},{"start":{"line":12,"column":53},"end":{"line":12,"column":67}}],"line":12},"2":{"loc":{"start":{"line":14,"column":176},"end":{"line":14,"column":263}},"type":"if","locations":[{"start":{"line":14,"column":176},"end":{"line":14,"column":263}},{"start":{"line":14,"column":176},"end":{"line":14,"column":263}}],"line":14},"3":{"loc":{"start":{"line":23,"column":8},"end":{"line":37,"column":9}},"type":"switch","locations":[{"start":{"line":24,"column":10},"end":{"line":32,"column":15}},{"start":{"line":34,"column":10},"end":{"line":34,"column":17}},{"start":{"line":35,"column":10},"end":{"line":36,"column":35}}],"line":23}},"s":{"0":1,"1":1,"2":1,"3":1,"4":1,"5":2,"6":2,"7":2,"8":0,"9":0,"10":2,"11":0,"12":2,"13":1,"14":2,"15":2,"16":2,"17":2,"18":2,"19":0,"20":2,"21":1,"22":1,"23":2,"24":2,"25":2,"26":2,"27":2,"28":0,"29":0,"30":0,"31":1,"32":2,"33":1,"34":1},"f":{"0":1,"1":2,"2":1,"3":2,"4":2,"5":2,"6":0,"7":1,"8":2,"9":2,"10":0,"11":0,"12":2},"b":{"0":[0,1],"1":[1,1],"2":[0,2],"3":[2,0,0]},"inputSourceMap":{"version":3,"sources":["db.config.js"],"names":["mongoConnect","mongoose","connect","useNewUrlParser","then","console","log","err"],"mappings":";;;;;;;AAAA;;AACA;;;;;;;;AACA;AAGA,IAAOA,YAAY;AAAA,qEAAE;AAAA;AAAA;AAAA;AAAA;AAAA;AAAA,mBAEZC,qBAASC,OAAT,CAAkB,2DAAlB,EAA+E;AAChFC,cAAAA,eAAe,EAAE;AAD+D,aAA/E,EAGJC,IAHI,CAGC;AAAA,qBAAIC,OAAO,CAACC,GAAR,CAAY,iCAAZ,CAAJ;AAAA,aAHD,WAIK,UAACC,GAAD;AAAA,qBAAOF,OAAO,CAACC,GAAR,CAAYC,GAAZ,CAAP;AAAA,aAJL,CAFY;;AAAA;AAAA;AAAA;AAAA;AAAA;AAAA;AAAA,GAAF;;AAAA,kBAAZP,YAAY;AAAA;AAAA;AAAA,GAAnB;;eAUeA,Y","sourceRoot":"C:\\Users\\Gaju Nadege\\Desktop\\RG-API-master\\server\\config\\","sourcesContent":["import {} from \"dotenv/config\";\nimport mongoose from 'mongoose';\n// const connectionURL = process.env.DATABASE_URL\n\n\nconst  mongoConnect= async ()=>{\n    \n   await mongoose.connect( 'mongodb+srv://chris:chris@cluster0.k1npp.mongodb.net/gaju', {\n        useNewUrlParser: true,\n    })\n    .then(()=>console.log('database connected successfully'))\n       .catch((err)=>console.log(err))\n   \n}\n\nexport default mongoConnect;\n"]},"_coverageSchema":"1a1c01bbd47fc00a2c39e90264f33305004495a9","hash":"8de56978607923860e904d5e7663b41cc77d1510","contentHash":"05e8022a1e34e76b992cd86aaa4ca0feef7cef53c95c44fda07f0cbf6cf98343"},"C:\\Users\\Gaju Nadege\\Desktop\\RG-API-master\\server\\routes\\user.js":{"path":"C:\\Users\\Gaju Nadege\\Desktop\\RG-API-master\\server\\routes\\user.js","statementMap":{"0":{"start":{"line":3,"column":0},"end":{"line":5,"column":3}},"1":{"start":{"line":6,"column":0},"end":{"line":6,"column":28}},"2":{"start":{"line":8,"column":15},"end":{"line":8,"column":57}},"3":{"start":{"line":10,"column":22},"end":{"line":10,"column":89}},"4":{"start":{"line":12,"column":39},"end":{"line":12,"column":95}},"5":{"start":{"line":14,"column":17},"end":{"line":14,"column":45}},"6":{"start":{"line":16,"column":0},"end":{"line":16,"column":62}},"7":{"start":{"line":17,"column":0},"end":{"line":17,"column":62}},"8":{"start":{"line":18,"column":0},"end":{"line":18,"column":66}},"9":{"start":{"line":20,"column":0},"end":{"line":20,"column":75}},"10":{"start":{"line":21,"column":0},"end":{"line":21,"column":76}},"11":{"start":{"line":22,"column":15},"end":{"line":22,"column":25}},"12":{"start":{"line":23,"column":0},"end":{"line":23,"column":30}}},"fnMap":{"0":{"name":"_interopRequireDefault","decl":{"start":{"line":12,"column":9},"end":{"line":12,"column":31}},"loc":{"start":{"line":12,"column":37},"end":{"line":12,"column":97}},"line":12}},"branchMap":{"0":{"loc":{"start":{"line":12,"column":46},"end":{"line":12,"column":94}},"type":"cond-expr","locations":[{"start":{"line":12,"column":70},"end":{"line":12,"column":73}},{"start":{"line":12,"column":76},"end":{"line":12,"column":94}}],"line":12},"1":{"loc":{"start":{"line":12,"column":46},"end":{"line":12,"column":67}},"type":"binary-expr","locations":[{"start":{"line":12,"column":46},"end":{"line":12,"column":49}},{"start":{"line":12,"column":53},"end":{"line":12,"column":67}}],"line":12}},"s":{"0":1,"1":1,"2":1,"3":1,"4":2,"5":1,"6":1,"7":1,"8":1,"9":1,"10":1,"11":1,"12":1},"f":{"0":2},"b":{"0":[1,1],"1":[2,2]},"inputSourceMap":{"version":3,"sources":["user.js"],"names":["userRouter","express","Router","post","userController","signup","signin","get","getAllUsers","patch","updateProfile","deleteUser"],"mappings":";;;;;;;AAAA;;AAGA;;;;AAFA,IAAMA,UAAU,GAAGC,oBAAQC,MAAR,EAAnB;;AAIAF,UAAU,CAACG,IAAX,CAAgB,SAAhB,EAA2BC,2BAAeC,MAA1C;AACAL,UAAU,CAACG,IAAX,CAAgB,SAAhB,EAA2BC,2BAAeE,MAA1C;AACAN,UAAU,CAACO,GAAX,CAAe,SAAf,EAA0BH,2BAAeI,WAAzC,E,CACA;;AACAR,UAAU,CAACS,KAAX,CAAiB,cAAjB,EAAiCL,2BAAeM,aAAhD;AACAV,UAAU,UAAV,CAAkB,cAAlB,EAAkCI,2BAAeO,UAAjD;eAEgBX,U","sourceRoot":"C:\\Users\\Gaju Nadege\\Desktop\\RG-API-master\\server\\routes\\","sourcesContent":["import express from 'express';\nconst userRouter = express.Router();\n\nimport userController from '../controllers/userController.js'\n\nuserRouter.post('/signup', userController.signup)\nuserRouter.post('/signin', userController.signin)\nuserRouter.get('/getAll', userController.getAllUsers)\n// router.get('/getOne/:_id', userController.getOne)\nuserRouter.patch('/update/:_id', userController.updateProfile)\nuserRouter.delete('/delete/:_id', userController.deleteUser)\n\nexport default  userRouter;"]},"_coverageSchema":"1a1c01bbd47fc00a2c39e90264f33305004495a9","hash":"63e71640c3301387065f7c5e6df123c6a495e30b","contentHash":"74bb95f4206312ba902b0f4ddc24bd2b89f0456fae0b00e0c39735ebe4a60297"},"C:\\Users\\Gaju Nadege\\Desktop\\RG-API-master\\server\\controllers\\userController.js":{"path":"C:\\Users\\Gaju Nadege\\Desktop\\RG-API-master\\server\\controllers\\userController.js","statementMap":{"0":{"start":{"line":3,"column":0},"end":{"line":5,"column":3}},"1":{"start":{"line":6,"column":0},"end":{"line":6,"column":28}},"2":{"start":{"line":8,"column":17},"end":{"line":8,"column":77}},"3":{"start":{"line":10,"column":16},"end":{"line":10,"column":59}},"4":{"start":{"line":12,"column":18},"end":{"line":12,"column":77}},"5":{"start":{"line":14,"column":22},"end":{"line":14,"column":85}},"6":{"start":{"line":16,"column":39},"end":{"line":16,"column":95}},"7":{"start":{"line":18,"column":77},"end":{"line":18,"column":175}},"8":{"start":{"line":18,"column":94},"end":{"line":18,"column":107}},"9":{"start":{"line":18,"column":121},"end":{"line":18,"column":131}},"10":{"start":{"line":18,"column":151},"end":{"line":18,"column":165}},"11":{"start":{"line":18,"column":166},"end":{"line":18,"column":173}},"12":{"start":{"line":18,"column":176},"end":{"line":18,"column":263}},"13":{"start":{"line":18,"column":193},"end":{"line":18,"column":208}},"14":{"start":{"line":18,"column":218},"end":{"line":18,"column":261}},"15":{"start":{"line":20,"column":33},"end":{"line":20,"column":387}},"16":{"start":{"line":20,"column":65},"end":{"line":20,"column":69}},"17":{"start":{"line":20,"column":78},"end":{"line":20,"column":87}},"18":{"start":{"line":20,"column":89},"end":{"line":20,"column":384}},"19":{"start":{"line":20,"column":147},"end":{"line":20,"column":167}},"20":{"start":{"line":20,"column":193},"end":{"line":20,"column":264}},"21":{"start":{"line":20,"column":290},"end":{"line":20,"column":360}},"22":{"start":{"line":20,"column":363},"end":{"line":20,"column":380}},"23":{"start":{"line":22,"column":50},"end":{"line":22,"column":151}},"24":{"start":{"line":22,"column":92},"end":{"line":22,"column":149}},"25":{"start":{"line":24,"column":44},"end":{"line":24,"column":315}},"26":{"start":{"line":24,"column":57},"end":{"line":24,"column":58}},"27":{"start":{"line":24,"column":102},"end":{"line":24,"column":110}},"28":{"start":{"line":24,"column":112},"end":{"line":24,"column":167}},"29":{"start":{"line":24,"column":168},"end":{"line":24,"column":199}},"30":{"start":{"line":24,"column":200},"end":{"line":24,"column":254}},"31":{"start":{"line":24,"column":227},"end":{"line":24,"column":254}},"32":{"start":{"line":24,"column":255},"end":{"line":24,"column":313}},"33":{"start":{"line":26,"column":62},"end":{"line":26,"column":131}},"34":{"start":{"line":26,"column":78},"end":{"line":26,"column":131}},"35":{"start":{"line":26,"column":132},"end":{"line":26,"column":193}},"36":{"start":{"line":26,"column":149},"end":{"line":26,"column":193}},"37":{"start":{"line":26,"column":194},"end":{"line":26,"column":263}},"38":{"start":{"line":26,"column":264},"end":{"line":26,"column":283}},"39":{"start":{"line":28,"column":44},"end":{"line":28,"column":195}},"40":{"start":{"line":28,"column":62},"end":{"line":28,"column":166}},"41":{"start":{"line":28,"column":176},"end":{"line":28,"column":193}},"42":{"start":{"line":28,"column":196},"end":{"line":28,"column":207}},"43":{"start":{"line":30,"column":34},"end":{"line":195,"column":3}},"44":{"start":{"line":32,"column":4},"end":{"line":32,"column":42}},"45":{"start":{"line":35,"column":2},"end":{"line":192,"column":6}},"46":{"start":{"line":38,"column":22},"end":{"line":38,"column":30}},"47":{"start":{"line":39,"column":18},"end":{"line":39,"column":33}},"48":{"start":{"line":40,"column":21},"end":{"line":40,"column":39}},"49":{"start":{"line":41,"column":18},"end":{"line":41,"column":33}},"50":{"start":{"line":42,"column":17},"end":{"line":42,"column":31}},"51":{"start":{"line":43,"column":21},"end":{"line":43,"column":40}},"52":{"start":{"line":45,"column":34},"end":{"line":45,"column":83}},"53":{"start":{"line":46,"column":18},"end":{"line":46,"column":45}},"54":{"start":{"line":48,"column":6},"end":{"line":53,"column":7}},"55":{"start":{"line":49,"column":8},"end":{"line":52,"column":11}},"56":{"start":{"line":55,"column":25},"end":{"line":55,"column":74}},"57":{"start":{"line":57,"column":6},"end":{"line":85,"column":9}},"58":{"start":{"line":60,"column":8},"end":{"line":65,"column":9}},"59":{"start":{"line":61,"column":10},"end":{"line":64,"column":13}},"60":{"start":{"line":67,"column":19},"end":{"line":73,"column":10}},"61":{"start":{"line":74,"column":8},"end":{"line":84,"column":11}},"62":{"start":{"line":75,"column":10},"end":{"line":78,"column":13}},"63":{"start":{"line":80,"column":10},"end":{"line":83,"column":13}},"64":{"start":{"line":90,"column":23},"end":{"line":90,"column":31}},"65":{"start":{"line":91,"column":18},"end":{"line":91,"column":34}},"66":{"start":{"line":92,"column":21},"end":{"line":92,"column":40}},"67":{"start":{"line":94,"column":34},"end":{"line":94,"column":81}},"68":{"start":{"line":95,"column":18},"end":{"line":95,"column":45}},"69":{"start":{"line":97,"column":6},"end":{"line":102,"column":7}},"70":{"start":{"line":98,"column":8},"end":{"line":101,"column":11}},"71":{"start":{"line":104,"column":6},"end":{"line":128,"column":9}},"72":{"start":{"line":107,"column":8},"end":{"line":127,"column":9}},"73":{"start":{"line":108,"column":25},"end":{"line":108,"column":97}},"74":{"start":{"line":110,"column":10},"end":{"line":121,"column":11}},"75":{"start":{"line":111,"column":12},"end":{"line":115,"column":15}},"76":{"start":{"line":117,"column":12},"end":{"line":120,"column":15}},"77":{"start":{"line":123,"column":10},"end":{"line":126,"column":13}},"78":{"start":{"line":133,"column":25},"end":{"line":155,"column":9}},"79":{"start":{"line":135,"column":8},"end":{"line":154,"column":20}},"80":{"start":{"line":136,"column":10},"end":{"line":153,"column":11}},"81":{"start":{"line":137,"column":12},"end":{"line":152,"column":13}},"82":{"start":{"line":139,"column":16},"end":{"line":139,"column":34}},"83":{"start":{"line":140,"column":16},"end":{"line":140,"column":54}},"84":{"start":{"line":143,"column":16},"end":{"line":143,"column":38}},"85":{"start":{"line":144,"column":16},"end":{"line":147,"column":19}},"86":{"start":{"line":151,"column":16},"end":{"line":151,"column":39}},"87":{"start":{"line":158,"column":8},"end":{"line":158,"column":51}},"88":{"start":{"line":161,"column":6},"end":{"line":161,"column":25}},"89":{"start":{"line":166,"column":15},"end":{"line":166,"column":32}},"90":{"start":{"line":167,"column":23},"end":{"line":167,"column":31}},"91":{"start":{"line":168,"column":18},"end":{"line":168,"column":34}},"92":{"start":{"line":169,"column":18},"end":{"line":169,"column":34}},"93":{"start":{"line":170,"column":18},"end":{"line":170,"column":66}},"94":{"start":{"line":172,"column":6},"end":{"line":177,"column":7}},"95":{"start":{"line":173,"column":8},"end":{"line":176,"column":11}},"96":{"start":{"line":179,"column":6},"end":{"line":190,"column":9}},"97":{"start":{"line":183,"column":8},"end":{"line":189,"column":9}},"98":{"start":{"line":184,"column":10},"end":{"line":187,"column":13}},"99":{"start":{"line":188,"column":10},"end":{"line":188,"column":30}},"100":{"start":{"line":194,"column":2},"end":{"line":194,"column":24}},"101":{"start":{"line":197,"column":0},"end":{"line":232,"column":5}},"102":{"start":{"line":198,"column":13},"end":{"line":227,"column":5}},"103":{"start":{"line":200,"column":4},"end":{"line":226,"column":17}},"104":{"start":{"line":201,"column":6},"end":{"line":225,"column":7}},"105":{"start":{"line":202,"column":8},"end":{"line":224,"column":9}},"106":{"start":{"line":204,"column":12},"end":{"line":204,"column":35}},"107":{"start":{"line":205,"column":12},"end":{"line":205,"column":31}},"108":{"start":{"line":206,"column":12},"end":{"line":206,"column":63}},"109":{"start":{"line":209,"column":12},"end":{"line":209,"column":37}},"110":{"start":{"line":211,"column":12},"end":{"line":214,"column":13}},"111":{"start":{"line":212,"column":14},"end":{"line":212,"column":33}},"112":{"start":{"line":213,"column":14},"end":{"line":213,"column":20}},"113":{"start":{"line":216,"column":12},"end":{"line":219,"column":16}},"114":{"start":{"line":223,"column":12},"end":{"line":223,"column":36}},"115":{"start":{"line":229,"column":2},"end":{"line":231,"column":4}},"116":{"start":{"line":230,"column":4},"end":{"line":230,"column":39}},"117":{"start":{"line":234,"column":15},"end":{"line":234,"column":29}},"118":{"start":{"line":235,"column":0},"end":{"line":235,"column":30}}},"fnMap":{"0":{"name":"_interopRequireDefault","decl":{"start":{"line":16,"column":9},"end":{"line":16,"column":31}},"loc":{"start":{"line":16,"column":37},"end":{"line":16,"column":97}},"line":16},"1":{"name":"asyncGeneratorStep","decl":{"start":{"line":18,"column":9},"end":{"line":18,"column":27}},"loc":{"start":{"line":18,"column":75},"end":{"line":18,"column":265}},"line":18},"2":{"name":"_asyncToGenerator","decl":{"start":{"line":20,"column":9},"end":{"line":20,"column":26}},"loc":{"start":{"line":20,"column":31},"end":{"line":20,"column":389}},"line":20},"3":{"name":"(anonymous_3)","decl":{"start":{"line":20,"column":40},"end":{"line":20,"column":41}},"loc":{"start":{"line":20,"column":52},"end":{"line":20,"column":386}},"line":20},"4":{"name":"(anonymous_4)","decl":{"start":{"line":20,"column":108},"end":{"line":20,"column":109}},"loc":{"start":{"line":20,"column":135},"end":{"line":20,"column":382}},"line":20},"5":{"name":"_next","decl":{"start":{"line":20,"column":178},"end":{"line":20,"column":183}},"loc":{"start":{"line":20,"column":191},"end":{"line":20,"column":266}},"line":20},"6":{"name":"_throw","decl":{"start":{"line":20,"column":276},"end":{"line":20,"column":282}},"loc":{"start":{"line":20,"column":288},"end":{"line":20,"column":362}},"line":20},"7":{"name":"_classCallCheck","decl":{"start":{"line":22,"column":9},"end":{"line":22,"column":24}},"loc":{"start":{"line":22,"column":48},"end":{"line":22,"column":153}},"line":22},"8":{"name":"_defineProperties","decl":{"start":{"line":24,"column":9},"end":{"line":24,"column":26}},"loc":{"start":{"line":24,"column":42},"end":{"line":24,"column":317}},"line":24},"9":{"name":"_createClass","decl":{"start":{"line":26,"column":9},"end":{"line":26,"column":21}},"loc":{"start":{"line":26,"column":60},"end":{"line":26,"column":285}},"line":26},"10":{"name":"_defineProperty","decl":{"start":{"line":28,"column":9},"end":{"line":28,"column":24}},"loc":{"start":{"line":28,"column":42},"end":{"line":28,"column":209}},"line":28},"11":{"name":"(anonymous_11)","decl":{"start":{"line":30,"column":34},"end":{"line":30,"column":35}},"loc":{"start":{"line":30,"column":46},"end":{"line":195,"column":1}},"line":30},"12":{"name":"userController","decl":{"start":{"line":31,"column":11},"end":{"line":31,"column":25}},"loc":{"start":{"line":31,"column":28},"end":{"line":33,"column":3}},"line":31},"13":{"name":"signup","decl":{"start":{"line":37,"column":20},"end":{"line":37,"column":26}},"loc":{"start":{"line":37,"column":37},"end":{"line":86,"column":5}},"line":37},"14":{"name":"(anonymous_14)","decl":{"start":{"line":59,"column":9},"end":{"line":59,"column":10}},"loc":{"start":{"line":59,"column":34},"end":{"line":85,"column":7}},"line":59},"15":{"name":"(anonymous_15)","decl":{"start":{"line":74,"column":25},"end":{"line":74,"column":26}},"loc":{"start":{"line":74,"column":37},"end":{"line":79,"column":9}},"line":74},"16":{"name":"(anonymous_16)","decl":{"start":{"line":79,"column":20},"end":{"line":79,"column":21}},"loc":{"start":{"line":79,"column":35},"end":{"line":84,"column":9}},"line":79},"17":{"name":"signin","decl":{"start":{"line":89,"column":20},"end":{"line":89,"column":26}},"loc":{"start":{"line":89,"column":37},"end":{"line":129,"column":5}},"line":89},"18":{"name":"(anonymous_18)","decl":{"start":{"line":106,"column":9},"end":{"line":106,"column":10}},"loc":{"start":{"line":106,"column":34},"end":{"line":128,"column":7}},"line":106},"19":{"name":"(anonymous_19)","decl":{"start":{"line":132,"column":11},"end":{"line":132,"column":12}},"loc":{"start":{"line":132,"column":23},"end":{"line":162,"column":5}},"line":132},"20":{"name":"_callee","decl":{"start":{"line":133,"column":90},"end":{"line":133,"column":97}},"loc":{"start":{"line":133,"column":108},"end":{"line":155,"column":7}},"line":133},"21":{"name":"_callee$","decl":{"start":{"line":135,"column":48},"end":{"line":135,"column":56}},"loc":{"start":{"line":135,"column":67},"end":{"line":154,"column":9}},"line":135},"22":{"name":"getAllUsers","decl":{"start":{"line":157,"column":15},"end":{"line":157,"column":26}},"loc":{"start":{"line":157,"column":36},"end":{"line":159,"column":7}},"line":157},"23":{"name":"updateProfile","decl":{"start":{"line":165,"column":20},"end":{"line":165,"column":33}},"loc":{"start":{"line":165,"column":44},"end":{"line":191,"column":5}},"line":165},"24":{"name":"(anonymous_24)","decl":{"start":{"line":182,"column":9},"end":{"line":182,"column":10}},"loc":{"start":{"line":182,"column":32},"end":{"line":190,"column":7}},"line":182},"25":{"name":"(anonymous_25)","decl":{"start":{"line":197,"column":59},"end":{"line":197,"column":60}},"loc":{"start":{"line":197,"column":71},"end":{"line":232,"column":1}},"line":197},"26":{"name":"_callee2","decl":{"start":{"line":198,"column":78},"end":{"line":198,"column":86}},"loc":{"start":{"line":198,"column":97},"end":{"line":227,"column":3}},"line":198},"27":{"name":"_callee2$","decl":{"start":{"line":200,"column":44},"end":{"line":200,"column":53}},"loc":{"start":{"line":200,"column":65},"end":{"line":226,"column":5}},"line":200},"28":{"name":"(anonymous_28)","decl":{"start":{"line":229,"column":9},"end":{"line":229,"column":10}},"loc":{"start":{"line":229,"column":29},"end":{"line":231,"column":3}},"line":229}},"branchMap":{"0":{"loc":{"start":{"line":16,"column":46},"end":{"line":16,"column":94}},"type":"cond-expr","locations":[{"start":{"line":16,"column":70},"end":{"line":16,"column":73}},{"start":{"line":16,"column":76},"end":{"line":16,"column":94}}],"line":16},"1":{"loc":{"start":{"line":16,"column":46},"end":{"line":16,"column":67}},"type":"binary-expr","locations":[{"start":{"line":16,"column":46},"end":{"line":16,"column":49}},{"start":{"line":16,"column":53},"end":{"line":16,"column":67}}],"line":16},"2":{"loc":{"start":{"line":18,"column":176},"end":{"line":18,"column":263}},"type":"if","locations":[{"start":{"line":18,"column":176},"end":{"line":18,"column":263}},{"start":{"line":18,"column":176},"end":{"line":18,"column":263}}],"line":18},"3":{"loc":{"start":{"line":22,"column":50},"end":{"line":22,"column":151}},"type":"if","locations":[{"start":{"line":22,"column":50},"end":{"line":22,"column":151}},{"start":{"line":22,"column":50},"end":{"line":22,"column":151}}],"line":22},"4":{"loc":{"start":{"line":24,"column":136},"end":{"line":24,"column":166}},"type":"binary-expr","locations":[{"start":{"line":24,"column":136},"end":{"line":24,"column":157}},{"start":{"line":24,"column":161},"end":{"line":24,"column":166}}],"line":24},"5":{"loc":{"start":{"line":24,"column":200},"end":{"line":24,"column":254}},"type":"if","locations":[{"start":{"line":24,"column":200},"end":{"line":24,"column":254}},{"start":{"line":24,"column":200},"end":{"line":24,"column":254}}],"line":24},"6":{"loc":{"start":{"line":26,"column":62},"end":{"line":26,"column":131}},"type":"if","locations":[{"start":{"line":26,"column":62},"end":{"line":26,"column":131}},{"start":{"line":26,"column":62},"end":{"line":26,"column":131}}],"line":26},"7":{"loc":{"start":{"line":26,"column":132},"end":{"line":26,"column":193}},"type":"if","locations":[{"start":{"line":26,"column":132},"end":{"line":26,"column":193}},{"start":{"line":26,"column":132},"end":{"line":26,"column":193}}],"line":26},"8":{"loc":{"start":{"line":28,"column":44},"end":{"line":28,"column":195}},"type":"if","locations":[{"start":{"line":28,"column":44},"end":{"line":28,"column":195}},{"start":{"line":28,"column":44},"end":{"line":28,"column":195}}],"line":28},"9":{"loc":{"start":{"line":48,"column":6},"end":{"line":53,"column":7}},"type":"if","locations":[{"start":{"line":48,"column":6},"end":{"line":53,"column":7}},{"start":{"line":48,"column":6},"end":{"line":53,"column":7}}],"line":48},"10":{"loc":{"start":{"line":60,"column":8},"end":{"line":65,"column":9}},"type":"if","locations":[{"start":{"line":60,"column":8},"end":{"line":65,"column":9}},{"start":{"line":60,"column":8},"end":{"line":65,"column":9}}],"line":60},"11":{"loc":{"start":{"line":97,"column":6},"end":{"line":102,"column":7}},"type":"if","locations":[{"start":{"line":97,"column":6},"end":{"line":102,"column":7}},{"start":{"line":97,"column":6},"end":{"line":102,"column":7}}],"line":97},"12":{"loc":{"start":{"line":107,"column":8},"end":{"line":127,"column":9}},"type":"if","locations":[{"start":{"line":107,"column":8},"end":{"line":127,"column":9}},{"start":{"line":107,"column":8},"end":{"line":127,"column":9}}],"line":107},"13":{"loc":{"start":{"line":110,"column":10},"end":{"line":121,"column":11}},"type":"if","locations":[{"start":{"line":110,"column":10},"end":{"line":121,"column":11}},{"start":{"line":110,"column":10},"end":{"line":121,"column":11}}],"line":110},"14":{"loc":{"start":{"line":137,"column":12},"end":{"line":152,"column":13}},"type":"switch","locations":[{"start":{"line":138,"column":14},"end":{"line":140,"column":54}},{"start":{"line":142,"column":14},"end":{"line":147,"column":19}},{"start":{"line":149,"column":14},"end":{"line":149,"column":21}},{"start":{"line":150,"column":14},"end":{"line":151,"column":39}}],"line":137},"15":{"loc":{"start":{"line":172,"column":6},"end":{"line":177,"column":7}},"type":"if","locations":[{"start":{"line":172,"column":6},"end":{"line":177,"column":7}},{"start":{"line":172,"column":6},"end":{"line":177,"column":7}}],"line":172},"16":{"loc":{"start":{"line":183,"column":8},"end":{"line":189,"column":9}},"type":"if","locations":[{"start":{"line":183,"column":8},"end":{"line":189,"column":9}},{"start":{"line":183,"column":8},"end":{"line":189,"column":9}}],"line":183},"17":{"loc":{"start":{"line":202,"column":8},"end":{"line":224,"column":9}},"type":"switch","locations":[{"start":{"line":203,"column":10},"end":{"line":206,"column":63}},{"start":{"line":208,"column":10},"end":{"line":219,"column":16}},{"start":{"line":221,"column":10},"end":{"line":221,"column":17}},{"start":{"line":222,"column":10},"end":{"line":223,"column":36}}],"line":202},"18":{"loc":{"start":{"line":211,"column":12},"end":{"line":214,"column":13}},"type":"if","locations":[{"start":{"line":211,"column":12},"end":{"line":214,"column":13}},{"start":{"line":211,"column":12},"end":{"line":214,"column":13}}],"line":211}},"s":{"0":1,"1":1,"2":1,"3":1,"4":1,"5":1,"6":4,"7":0,"8":0,"9":0,"10":0,"11":0,"12":0,"13":0,"14":0,"15":2,"16":0,"17":0,"18":0,"19":0,"20":0,"21":0,"22":0,"23":0,"24":0,"25":1,"26":1,"27":4,"28":4,"29":4,"30":4,"31":4,"32":4,"33":1,"34":0,"35":1,"36":1,"37":1,"38":1,"39":1,"40":0,"41":1,"42":1,"43":1,"44":0,"45":1,"46":0,"47":0,"48":0,"49":0,"50":0,"51":0,"52":0,"53":0,"54":0,"55":0,"56":0,"57":0,"58":0,"59":0,"60":0,"61":0,"62":0,"63":0,"64":0,"65":0,"66":0,"67":0,"68":0,"69":0,"70":0,"71":0,"72":0,"73":0,"74":0,"75":0,"76":0,"77":0,"78":1,"79":0,"80":0,"81":0,"82":0,"83":0,"84":0,"85":0,"86":0,"87":0,"88":1,"89":0,"90":0,"91":0,"92":0,"93":0,"94":0,"95":0,"96":0,"97":0,"98":0,"99":0,"100":1,"101":1,"102":1,"103":0,"104":0,"105":0,"106":0,"107":0,"108":0,"109":0,"110":0,"111":0,"112":0,"113":0,"114":0,"115":1,"116":0,"117":1,"118":1},"f":{"0":4,"1":0,"2":2,"3":0,"4":0,"5":0,"6":0,"7":0,"8":1,"9":1,"10":1,"11":1,"12":0,"13":0,"14":0,"15":0,"16":0,"17":0,"18":0,"19":1,"20":0,"21":0,"22":0,"23":0,"24":0,"25":1,"26":0,"27":0,"28":0},"b":{"0":[3,1],"1":[4,4],"2":[0,0],"3":[0,0],"4":[4,4],"5":[4,0],"6":[0,1],"7":[1,0],"8":[0,1],"9":[0,0],"10":[0,0],"11":[0,0],"12":[0,0],"13":[0,0],"14":[0,0,0,0],"15":[0,0],"16":[0,0],"17":[0,0,0,0],"18":[0,0]},"inputSourceMap":{"version":3,"sources":["userController.js"],"names":["userController","req","res","body","email","password","names","role","lowEmail","toLowerCase","validation","validateUserData","error","status","json","message","details","replace","hashpassword","compare","admin","find","result","length","user","_id","Mongoose","Types","ObjectId","save","then","err","validateSignin","compared","comparePassword","token","generateToken","users","data","id","params","validateUserModData","findByIdAndUpdate","console","log","findByIdAndDelete","deleted"],"mappings":";;;;;;;AAAA;;AACA;;AACA;;AACA;;;;;;;;;;;;;;;;IAGMA,c;;;;;;;WAEF,gBAAcC,GAAd,EAAkBC,GAAlB,EAAuB;AACnB,sBAAsCD,GAAG,CAACE,IAA1C;AAAA,UAAQC,KAAR,aAAQA,KAAR;AAAA,UAAcC,QAAd,aAAcA,QAAd;AAAA,UAAuBC,KAAvB,aAAuBA,KAAvB;AAAA,UAA6BC,IAA7B,aAA6BA,IAA7B;AACA,UAAMC,QAAQ,GAAGJ,KAAK,CAACK,WAAN,EAAjB;;AACA,kCAAeC,uBAAWC,gBAAX,CAA4BV,GAAG,CAACE,IAAhC,CAAf;AAAA,UAAOS,KAAP,yBAAOA,KAAP;;AAEA,UAAIA,KAAJ,EAAU;AACN,eAAOV,GAAG,CAACW,MAAJ,CAAW,GAAX,EAAgBC,IAAhB,CAAqB;AACxBC,UAAAA,OAAO,EAAEH,KAAK,CAACI,OAAN,CAAc,CAAd,EAAiBD,OAAjB,CAAyBE,OAAzB,CAAiC,IAAjC,EAAuC,EAAvC,CADe;AAExBJ,UAAAA,MAAM,EAAE;AAFgB,SAArB,CAAP;AAIH;;AACD,UAAMK,YAAY,GAAEC,2BAAQD,YAAR,CAAqBb,QAArB,CAApB;;AACAe,4BAAMC,IAAN,CAAW;AAACjB,QAAAA,KAAK,EAACI;AAAP,OAAX,EAA4B,UAACI,KAAD,EAAOU,MAAP,EAAkB;AAC1C,YAAIA,MAAM,CAACC,MAAX,EAAkB;AACd,iBAAOrB,GAAG,CAACW,MAAJ,CAAW,GAAX,EAAgBC,IAAhB,CAAqB;AACxBF,YAAAA,KAAK,EAAE,oDADiB;AAExBC,YAAAA,MAAM,EAAC;AAFiB,WAArB,CAAP;AAIH;;AACD,YAAMW,IAAI,GAAG,IAAIJ,qBAAJ,CAAW;AACpBK,UAAAA,GAAG,EAAE,IAAIC,qBAASC,KAAT,CAAeC,QAAnB,EADe;AAEpBtB,UAAAA,KAAK,EAAEA,KAFa;AAGpBF,UAAAA,KAAK,EAAEI,QAHa;AAIpBD,UAAAA,IAAI,EAACA,IAJe;AAKpBF,UAAAA,QAAQ,EAAEa;AALU,SAAX,CAAb;AAOAM,QAAAA,IAAI,CACHK,IADD,GAECC,IAFD,CAEM,YAAM;AACR5B,UAAAA,GAAG,CAACW,MAAJ,CAAW,GAAX,EAAgBC,IAAhB,CAAqB;AACjBC,YAAAA,OAAO,EAAC,2BADS;AAEjBF,YAAAA,MAAM,EAAC;AAFU,WAArB;AAKH,SARD,WAQS,UAAAkB,GAAG,EAAG;AACX7B,UAAAA,GAAG,CAACW,MAAJ,CAAW,GAAX,EAAgBC,IAAhB,CAAqB;AACjBC,YAAAA,OAAO,EAAE,sEADQ;AAEjBF,YAAAA,MAAM,EAAE;AAFS,WAArB;AAIH,SAbD;AAcH,OA5BD;AA8BH;;;WAGD,gBAAcZ,GAAd,EAAkBC,GAAlB,EAAsB;AAClB,uBAAuBD,GAAG,CAACE,IAA3B;AAAA,UAAOC,KAAP,cAAOA,KAAP;AAAA,UAAaC,QAAb,cAAaA,QAAb;;AACA,kCAAeK,uBAAWsB,cAAX,CAA0B/B,GAAG,CAACE,IAA9B,CAAf;AAAA,UAAOS,KAAP,yBAAOA,KAAP;;AAEA,UAAIA,KAAJ,EAAU;AACN,eAAOV,GAAG,CAACW,MAAJ,CAAW,GAAX,EAAgBC,IAAhB,CAAqB;AACxBC,UAAAA,OAAO,EAAEH,KAAK,CAACI,OAAN,CAAc,CAAd,EAAiBD,OAAjB,CAAyBE,OAAzB,CAAiC,IAAjC,EAAuC,EAAvC,CADe;AAExBJ,UAAAA,MAAM,EAAE;AAFgB,SAArB,CAAP;AAIH;;AAEFO,4BAAMC,IAAN,CAAW;AAACjB,QAAAA,KAAK,EAALA;AAAD,OAAX,EAAmB,UAACQ,KAAD,EAAOU,MAAP,EAAkB;AAGjC,YAAGA,MAAM,CAACC,MAAV,EAAiB;AAChB,cAAMU,QAAQ,GAAEd,2BAAQe,eAAR,CAAwB7B,QAAxB,EAAiCiB,MAAM,CAAC,CAAD,CAAN,CAAUjB,QAA3C,CAAhB;;AAEA,cAAG4B,QAAH,EAAY;AACZ/B,YAAAA,GAAG,CAACW,MAAJ,CAAW,GAAX,EAAgBC,IAAhB,CAAqB;AACjBC,cAAAA,OAAO,EAAE,gCADQ;AAEjBF,cAAAA,MAAM,EAAE,GAFS;AAGjBsB,cAAAA,KAAK,EAAChB,2BAAQiB,aAAR,CAAsBd,MAAM,CAAC,CAAD,CAA5B;AAHW,aAArB;AAKC,WAND,MAMK;AACDpB,YAAAA,GAAG,CAACW,MAAJ,CAAW,GAAX,EAAgBC,IAAhB,CAAqB;AACjBC,cAAAA,OAAO,EAAC,eADS;AAEjBF,cAAAA,MAAM,EAAC;AAFU,aAArB;AAIH;AACD,SAfD,MAeM;AACL,iBAAOX,GAAG,CAACW,MAAJ,CAAW,GAAX,EAAgBC,IAAhB,CAAqB;AAC1BD,YAAAA,MAAM,EAAE,GADkB;AAE1BE,YAAAA,OAAO,EAAE;AAFiB,WAArB,CAAP;AAID;AAGF,OA1BF;AA4BF;;;;iFAED,iBAA0Bd,GAA1B,EAA+BC,GAA/B;AAAA;AAAA;AAAA;AAAA;AAAA;AAAA;AAAA,uBACwBsB,sBAAKH,IAAL,CAAU,EAAV,CADxB;;AAAA;AACUgB,gBAAAA,KADV;AAEInC,gBAAAA,GAAG,CAACW,MAAJ,CAAW,GAAX,EAAgBC,IAAhB,CAAqB;AACjBD,kBAAAA,MAAM,EAAE,GADS;AAEjByB,kBAAAA,IAAI,EAAED;AAFW,iBAArB;;AAFJ;AAAA;AAAA;AAAA;AAAA;AAAA;AAAA,O;;;;;;;;;;WAkBA,uBAAqBpC,GAArB,EAAyBC,GAAzB,EAA8B;AAG1B,UAAOqC,EAAP,GAAatC,GAAG,CAACuC,MAAJ,CAAWf,GAAxB,CAAOc,EAAP;AACA,uBAAwBtC,GAAG,CAACE,IAA5B;AAAA,UAASG,KAAT,cAASA,KAAT;AAAA,UAAeF,KAAf,cAAeA,KAAf;AACA,UAAOQ,KAAP,GAAeF,uBAAW+B,mBAA1B,CAAO7B,KAAP;;AAEC,UAAIA,KAAJ,EAAU;AACN,eAAOV,GAAG,CAACW,MAAJ,CAAW,GAAX,EAAgBC,IAAhB,CAAqB;AACxBC,UAAAA,OAAO,EAAEH,KAAK,CAACI,OAAN,CAAc,CAAd,EAAiBD,OAAjB,CAAyBE,OAAzB,CAAiC,IAAjC,EAAuC,EAAvC,CADe;AAExBJ,UAAAA,MAAM,EAAE;AAFgB,SAArB,CAAP;AAIH;;AACFW,4BAAKkB,iBAAL,CAAuBH,EAAvB,EAA2B;AACvBjC,QAAAA,KAAK,EAACA,KADiB;AAEvBF,QAAAA,KAAK,EAACA;AAFiB,OAA3B,EAGE,UAAC2B,GAAD,EAAKT,MAAL,EAAc;AACZ,YAAGA,MAAH,EAAU;AACNpB,UAAAA,GAAG,CAACW,MAAJ,CAAW,GAAX,EAAgBC,IAAhB,CAAqB;AACjBC,YAAAA,OAAO,EAAC,cADS;AAEpBS,YAAAA,IAAI,EAACF;AAFe,WAArB;AAKAqB,UAAAA,OAAO,CAACC,GAAR,CAAYtB,MAAZ;AACH;AACJ,OAZD;AAcH;;;;;;gBArICtB,c;qEA+FkB,kBAAOC,GAAP,EAAWC,GAAX;AAAA;AAAA;AAAA;AAAA;AAAA;AACTqC,YAAAA,EADS,GACHtC,GAAG,CAACuC,MAAJ,CAAWf,GADR,CACTc,EADS;AAAA;AAAA,mBAEMf,sBAAKqB,iBAAL,CAAuBN,EAAvB,CAFN;;AAAA;AAEVO,YAAAA,OAFU;;AAAA,iBAGbA,OAHa;AAAA;AAAA;AAAA;;AAAA,8CAIL5C,GAAG,CAACW,MAAJ,CAAW,GAAX,EAAgBC,IAAhB,CAAqB;AACxBD,cAAAA,MAAM,EAAE,GADgB;AAExBE,cAAAA,OAAO;AAFiB,aAArB,CAJK;;AAAA;AAAA;AAAA;AAAA;AAAA;AAAA;AAAA,G;;;;;;;eAyCRf,c","sourceRoot":"C:\\Users\\Gaju Nadege\\Desktop\\RG-API-master\\server\\controllers\\","sourcesContent":["import admin from '../models/db/userModel.js';\nimport Mongoose from 'mongoose'\nimport validation from '../helpers/validation.js'\nimport compare from '../helpers/authentication.js'\nimport user from '../models/db/userModel.js'\n\nclass userController{\n\n    static signup(req,res) {\n        const { email,password,names,role } = req.body;\n        const lowEmail = email.toLowerCase()\n        const {error}= validation.validateUserData(req.body);\n\n        if (error){\n            return res.status(400).json({\n                message: error.details[0].message.replace(/\"/g, ''),\n                status: 400\n            })\n        }\n        const hashpassword =compare.hashpassword(password);\n        admin.find({email:lowEmail},(error,result) => {\n            if (result.length){\n                return res.status(201).json({\n                    error: 'This Email already exist, please use another email',\n                    status:201\n                })\n            }\n            const user = new admin ({\n                _id: new Mongoose.Types.ObjectId(),\n                names: names,\n                email: lowEmail,\n                role:role,\n                password: hashpassword,\n            });\n            user \n            .save() \n            .then(() => {\n                res.status(201).json({\n                    message:'User Created Successfully',\n                    status:201,\n                });\n            \n            }).catch(err =>{\n                res.status(500).json({\n                    message: 'oh no, there is something wrong, check your internet or call support',\n                    status: 500\n                });\n            })\n        })  \n\n    }\n\n\n    static signin(req,res){\n        const {email,password}=req.body;\n        const {error}= validation.validateSignin(req.body);\n\n        if (error){\n            return res.status(401).json({\n                message: error.details[0].message.replace(/\"/g, ''),\n                status: 401\n            })\n        }\n\n       admin.find({email},(error,result) => {\n\n\n           if(result.length){\n            const compared =compare.comparePassword(password,result[0].password)\n            \n            if(compared){\n            res.status(200).json({\n                message: 'You are signed in successfully',\n                status: 200,\n                token:compare.generateToken(result[0])\n            });\n            }else{\n                res.status(401).json({\n                    message:'SignIn Failed',\n                    status:401,\n                });\n            }\n           }else {\n            return res.status(401).json({\n              status: 401,\n              message: 'SignIn Failed'\n            });\n          }\n            \n               \n        }) ;\n\n    }\n\n    static async getAllUsers (req, res) {\n        const users = await user.find({});\n        res.status(200).json({\n            status: 200,\n            data: users,\n        })\n     }\n     static deleteUser =async (req,res)=>{\n        const{ id} = req.params._id;\n        const deleted = await user.findByIdAndDelete(id)\n        if(deleted){\n            return res.status(203).json({\n                status: 203,\n                message: `user is deleted successfully`\n            })\n        }\n    }\n\n    static updateProfile(req,res) {\n        \n\n        const{ id} = req.params._id;\n        const {  names,email }= req.body;\n        const {error}= validation.validateUserModData\n \n         if (error){\n             return res.status(400).json({\n                 message: error.details[0].message.replace(/\"/g, ''),\n                 status: 400\n             })\n         }\n        user.findByIdAndUpdate(id, {\n            names:names,\n            email:email\n        },(err,result)=>{\n            if(result){\n                res.status(409).json({\n                    message:'user updated',\n                 user:result,\n                 \n                })\n                console.log(result)\n            }\n        })\n    \n    }\n}\n\nexport default  userController;"]},"_coverageSchema":"1a1c01bbd47fc00a2c39e90264f33305004495a9","hash":"e112ddfecd991d73191ca636f71bb9f439237574","contentHash":"161a676be87f64a1638aeac0dc617ff612508285a90e200497625f34bbe50711"},"C:\\Users\\Gaju Nadege\\Desktop\\RG-API-master\\server\\models\\db\\userModel.js":{"path":"C:\\Users\\Gaju Nadege\\Desktop\\RG-API-master\\server\\models\\db\\userModel.js","statementMap":{"0":{"start":{"line":3,"column":0},"end":{"line":5,"column":3}},"1":{"start":{"line":6,"column":0},"end":{"line":6,"column":28}},"2":{"start":{"line":8,"column":16},"end":{"line":8,"column":59}},"3":{"start":{"line":10,"column":39},"end":{"line":10,"column":95}},"4":{"start":{"line":13,"column":17},"end":{"line":23,"column":2}},"5":{"start":{"line":25,"column":15},"end":{"line":25,"column":61}},"6":{"start":{"line":27,"column":0},"end":{"line":27,"column":30}}},"fnMap":{"0":{"name":"_interopRequireDefault","decl":{"start":{"line":10,"column":9},"end":{"line":10,"column":31}},"loc":{"start":{"line":10,"column":37},"end":{"line":10,"column":97}},"line":10}},"branchMap":{"0":{"loc":{"start":{"line":10,"column":46},"end":{"line":10,"column":94}},"type":"cond-expr","locations":[{"start":{"line":10,"column":70},"end":{"line":10,"column":73}},{"start":{"line":10,"column":76},"end":{"line":10,"column":94}}],"line":10},"1":{"loc":{"start":{"line":10,"column":46},"end":{"line":10,"column":67}},"type":"binary-expr","locations":[{"start":{"line":10,"column":46},"end":{"line":10,"column":49}},{"start":{"line":10,"column":53},"end":{"line":10,"column":67}}],"line":10}},"s":{"0":1,"1":1,"2":1,"3":1,"4":1,"5":1,"6":1},"f":{"0":1},"b":{"0":[0,1],"1":[1,1]},"inputSourceMap":{"version":3,"sources":["userModel.js"],"names":["userSchema","mongoose","Schema","_id","Types","ObjectId","name","String","email","password","role","type","model"],"mappings":";;;;;;;AACA;;;;AADA;AAGI,IAAMA,UAAU,GAAGC,qBAASC,MAAT,CAAgB;AAC/BC,EAAAA,GAAG,EAAEF,qBAASC,MAAT,CAAgBE,KAAhB,CAAsBC,QADI;AAE/BC,EAAAA,IAAI,EAACC,MAF0B;AAG/BC,EAAAA,KAAK,EAAED,MAHwB;AAI/BE,EAAAA,QAAQ,EAAEF,MAJqB;AAK/BG,EAAAA,IAAI,EAAC;AACFC,IAAAA,IAAI,EAAEJ,MADJ;AAEF,YAAK,CAAC,MAAD,EAAQ,OAAR,CAFH;AAGF,eAAQ;AAHN;AAL0B,CAAhB,CAAnB;;eAYWN,qBAASW,KAAT,CAAe,MAAf,EAAuBZ,UAAvB,C","sourceRoot":"C:\\Users\\Gaju Nadege\\Desktop\\RG-API-master\\server\\models\\db\\","sourcesContent":["// import joi from \"joi\";\nimport mongoose from \"mongoose\";\n\n    const userSchema = mongoose.Schema({\n        _id: mongoose.Schema.Types.ObjectId,\n        name:String,\n        email: String,\n        password: String,\n        role:{\n           type :String,\n           enum:[\"user\",\"admin\"],\n           default:\"user\"},\n    })\n\n\nexport default mongoose.model('User', userSchema)"]},"_coverageSchema":"1a1c01bbd47fc00a2c39e90264f33305004495a9","hash":"933ef95d4d14c513d2d04e2c1ff3706c2b3fc3eb","contentHash":"5385b15b6dc4a0bbf792e741a3165f4016af1e51b7308649bf9fa8922b3e41b6"},"C:\\Users\\Gaju Nadege\\Desktop\\RG-API-master\\server\\helpers\\validation.js":{"path":"C:\\Users\\Gaju Nadege\\Desktop\\RG-API-master\\server\\helpers\\validation.js","statementMap":{"0":{"start":{"line":3,"column":0},"end":{"line":5,"column":3}},"1":{"start":{"line":6,"column":0},"end":{"line":6,"column":28}},"2":{"start":{"line":8,"column":11},"end":{"line":8,"column":49}},"3":{"start":{"line":10,"column":39},"end":{"line":10,"column":95}},"4":{"start":{"line":13,"column":18},"end":{"line":17,"column":4}},"5":{"start":{"line":19,"column":2},"end":{"line":19,"column":34}},"6":{"start":{"line":23,"column":18},"end":{"line":26,"column":4}},"7":{"start":{"line":28,"column":2},"end":{"line":28,"column":34}},"8":{"start":{"line":32,"column":18},"end":{"line":38,"column":4}},"9":{"start":{"line":40,"column":2},"end":{"line":40,"column":34}},"10":{"start":{"line":44,"column":15},"end":{"line":47,"column":4}},"11":{"start":{"line":49,"column":2},"end":{"line":49,"column":31}},"12":{"start":{"line":53,"column":15},"end":{"line":58,"column":1}},"13":{"start":{"line":59,"column":0},"end":{"line":59,"column":30}}},"fnMap":{"0":{"name":"_interopRequireDefault","decl":{"start":{"line":10,"column":9},"end":{"line":10,"column":31}},"loc":{"start":{"line":10,"column":37},"end":{"line":10,"column":97}},"line":10},"1":{"name":"validateUserData","decl":{"start":{"line":12,"column":9},"end":{"line":12,"column":25}},"loc":{"start":{"line":12,"column":32},"end":{"line":20,"column":1}},"line":12},"2":{"name":"validateUserModData","decl":{"start":{"line":22,"column":9},"end":{"line":22,"column":28}},"loc":{"start":{"line":22,"column":35},"end":{"line":29,"column":1}},"line":22},"3":{"name":"validateMsgData","decl":{"start":{"line":31,"column":9},"end":{"line":31,"column":24}},"loc":{"start":{"line":31,"column":31},"end":{"line":41,"column":1}},"line":31},"4":{"name":"validateSignin","decl":{"start":{"line":43,"column":9},"end":{"line":43,"column":23}},"loc":{"start":{"line":43,"column":30},"end":{"line":50,"column":1}},"line":43}},"branchMap":{"0":{"loc":{"start":{"line":10,"column":46},"end":{"line":10,"column":94}},"type":"cond-expr","locations":[{"start":{"line":10,"column":70},"end":{"line":10,"column":73}},{"start":{"line":10,"column":76},"end":{"line":10,"column":94}}],"line":10},"1":{"loc":{"start":{"line":10,"column":46},"end":{"line":10,"column":67}},"type":"binary-expr","locations":[{"start":{"line":10,"column":46},"end":{"line":10,"column":49}},{"start":{"line":10,"column":53},"end":{"line":10,"column":67}}],"line":10}},"s":{"0":1,"1":1,"2":1,"3":1,"4":0,"5":0,"6":0,"7":0,"8":0,"9":0,"10":0,"11":0,"12":1,"13":1},"f":{"0":1,"1":0,"2":0,"3":0,"4":0},"b":{"0":[0,1],"1":[1,1]},"inputSourceMap":{"version":3,"sources":["validation.js"],"names":["validateUserData","data","JoiSchema","joi","object","names","string","min","required","email","password","validate","validateUserModData","validateMsgData","name","optional","msg","options","abortEarly","validateSignin","user","schema"],"mappings":";;;;;;;AAAC;;;;AAEA,SAASA,gBAAT,CAA0BC,IAA1B,EAAgC;AAC7B,MAAMC,SAAS,GAAGC,gBAAIC,MAAJ,CAAW;AAE3BC,IAAAA,KAAK,EAAEF,gBAAIG,MAAJ,GAAaC,GAAb,CAAiB,CAAjB,EAAoBC,QAApB,EAFoB;AAG3BC,IAAAA,KAAK,EAAEN,gBAAIG,MAAJ,GAAaG,KAAb,GAAqBF,GAArB,CAAyB,CAAzB,EAA4BC,QAA5B,EAHoB;AAI3BE,IAAAA,QAAQ,EAAEP,gBAAIG,MAAJ,GAAaC,GAAb,CAAiB,CAAjB,EAAoBC,QAApB;AAJiB,GAAX,CAAlB;;AAOA,SAAON,SAAS,CAACS,QAAV,CAAmBV,IAAnB,CAAP;AACD;;AAED,SAASW,mBAAT,CAA6BX,IAA7B,EAAmC;AACjC,MAAMC,SAAS,GAAGC,gBAAIC,MAAJ,CAAW;AAC3BC,IAAAA,KAAK,EAAEF,gBAAIG,MAAJ,GAAaC,GAAb,CAAiB,CAAjB,CADoB;AAE3BE,IAAAA,KAAK,EAAEN,gBAAIG,MAAJ,GAAaG,KAAb,GAAqBF,GAArB,CAAyB,CAAzB;AAFoB,GAAX,CAAlB;;AAKA,SAAOL,SAAS,CAACS,QAAV,CAAmBV,IAAnB,CAAP;AACD;;AAGD,SAASY,eAAT,CAAyBZ,IAAzB,EAA+B;AAC7B,MAAMC,SAAS,GAAGC,gBAAIC,MAAJ,CAAW;AAC3BU,IAAAA,IAAI,EAAEX,gBAAIG,MAAJ,GAAaC,GAAb,CAAiB,CAAjB,EAAoBQ,QAApB,EADqB;AAE3BN,IAAAA,KAAK,EAAEN,gBAAIG,MAAJ,GAAaG,KAAb,GAAqBF,GAArB,CAAyB,CAAzB,EAA4BC,QAA5B,EAFoB;AAG3BQ,IAAAA,GAAG,EAAEb,gBAAIG,MAAJ,GAAaC,GAAb,CAAiB,CAAjB,EAAoBC,QAApB;AAHsB,GAAX,EAIfS,OAJe,CAIP;AAAEC,IAAAA,UAAU,EAAE;AAAd,GAJO,CAAlB;;AAMA,SAAOhB,SAAS,CAACS,QAAV,CAAmBV,IAAnB,CAAP;AACD;;AAED,SAASkB,cAAT,CAAwBC,IAAxB,EAA8B;AAC5B,MAAMC,MAAM,GAAGlB,gBAAIC,MAAJ,CAAW;AACxBK,IAAAA,KAAK,EAAEN,gBAAIG,MAAJ,GAAcG,KAAd,GAAuBD,QAAvB,EADiB;AAExBE,IAAAA,QAAQ,EAAEP,gBAAIG,MAAJ,GAAaE,QAAb;AAFc,GAAX,CAAf;;AAKA,SAAOa,MAAM,CAACV,QAAP,CAAgBS,IAAhB,CAAP;AACD;;AAAA;eAIY;AAACpB,EAAAA,gBAAgB,EAAhBA,gBAAD;AAAkBY,EAAAA,mBAAmB,EAAnBA,mBAAlB;AAAsCC,EAAAA,eAAe,EAAfA,eAAtC;AAAsDM,EAAAA,cAAc,EAAdA;AAAtD,C","sourceRoot":"C:\\Users\\Gaju Nadege\\Desktop\\RG-API-master\\server\\helpers\\","sourcesContent":[" import joi from \"joi\"\n\n function validateUserData(data) {\n    const JoiSchema = joi.object({\n      \n      names: joi.string().min(3).required(),\n      email: joi.string().email().min(5).required(),\n      password: joi.string().m
[...]
4,"column":6},"end":{"line":123,"column":7}},"85":{"start":{"line":95,"column":8},"end":{"line":122,"column":9}},"86":{"start":{"line":97,"column":12},"end":{"line":97,"column":33}},"87":{"start":{"line":99,"column":12},"end":{"line":102,"column":13}},"88":{"start":{"line":100,"column":14},"end":{"line":100,"column":32}},"89":{"start":{"line":101,"column":14},"end":{"line":101,"column":20}},"90":{"start":{"line":104,"column":12},"end":{"line":106,"column":16}},"91":{"start":{"line":109,"column":12},"end":{"line":117,"column":15}},"92":{"start":{"line":110,"column":14},"end":{"line":112,"column":17}},"93":{"start":{"line":114,"column":14},"end":{"line":116,"column":17}},"94":{"start":{"line":121,"column":12},"end":{"line":121,"column":35}},"95":{"start":{"line":127,"column":2},"end":{"line":129,"column":4}},"96":{"start":{"line":128,"column":4},"end":{"line":128,"column":39}},"97":{"start":{"line":132,"column":15},"end":{"line":132,"column":32}},"98":{"start":{"line":133,"column":0},"end":{"line":133,"column":30}}},"fnMap":{"0":{"name":"_interopRequireDefault","decl":{"start":{"line":10,"column":9},"end":{"line":10,"column":31}},"loc":{"start":{"line":10,"column":37},"end":{"line":10,"column":97}},"line":10},"1":{"name":"ownKeys","decl":{"start":{"line":12,"column":9},"end":{"line":12,"column":16}},"loc":{"start":{"line":12,"column":41},"end":{"line":12,"column":341}},"line":12},"2":{"name":"(anonymous_2)","decl":{"start":{"line":12,"column":207},"end":{"line":12,"column":208}},"loc":{"start":{"line":12,"column":222},"end":{"line":12,"column":289}},"line":12},"3":{"name":"_objectSpread","decl":{"start":{"line":14,"column":9},"end":{"line":14,"column":22}},"loc":{"start":{"line":14,"column":31},"end":{"line":14,"column":506}},"line":14},"4":{"name":"(anonymous_4)","decl":{"start":{"line":14,"column":177},"end":{"line":14,"column":178}},"loc":{"start":{"line":14,"column":192},"end":{"line":14,"column":238}},"line":14},"5":{"name":"(anonymous_5)","decl":{"start":{"line":14,"column":385},"end":{"line":14,"column":386}},"loc":{"start":{"line":14,"column":400},"end":{"line":14,"column":485}},"line":14},"6":{"name":"asyncGeneratorStep","decl":{"start":{"line":16,"column":9},"end":{"line":16,"column":27}},"loc":{"start":{"line":16,"column":75},"end":{"line":16,"column":265}},"line":16},"7":{"name":"_asyncToGenerator","decl":{"start":{"line":18,"column":9},"end":{"line":18,"column":26}},"loc":{"start":{"line":18,"column":31},"end":{"line":18,"column":389}},"line":18},"8":{"name":"(anonymous_8)","decl":{"start":{"line":18,"column":40},"end":{"line":18,"column":41}},"loc":{"start":{"line":18,"column":52},"end":{"line":18,"column":386}},"line":18},"9":{"name":"(anonymous_9)","decl":{"start":{"line":18,"column":108},"end":{"line":18,"column":109}},"loc":{"start":{"line":18,"column":135},"end":{"line":18,"column":382}},"line":18},"10":{"name":"_next","decl":{"start":{"line":18,"column":178},"end":{"line":18,"column":183}},"loc":{"start":{"line":18,"column":191},"end":{"line":18,"column":266}},"line":18},"11":{"name":"_throw","decl":{"start":{"line":18,"column":276},"end":{"line":18,"column":282}},"loc":{"start":{"line":18,"column":288},"end":{"line":18,"column":362}},"line":18},"12":{"name":"_defineProperties","decl":{"start":{"line":20,"column":9},"end":{"line":20,"column":26}},"loc":{"start":{"line":20,"column":42},"end":{"line":20,"column":317}},"line":20},"13":{"name":"_createClass","decl":{"start":{"line":22,"column":9},"end":{"line":22,"column":21}},"loc":{"start":{"line":22,"column":60},"end":{"line":22,"column":285}},"line":22},"14":{"name":"_classCallCheck","decl":{"start":{"line":24,"column":9},"end":{"line":24,"column":24}},"loc":{"start":{"line":24,"column":48},"end":{"line":24,"column":153}},"line":24},"15":{"name":"_defineProperty","decl":{"start":{"line":26,"column":9},"end":{"line":26,"column":24}},"loc":{"start":{"line":26,"column":42},"end":{"line":26,"column":209}},"line":26},"16":{"name":"commentController","decl":{"start":{"line":28,"column":59},"end":{"line":28,"column":76}},"loc":{"start":{"line":28,"column":79},"end":{"line":30,"column":1}},"line":28},"17":{"name":"(anonymous_17)","decl":{"start":{"line":32,"column":49},"end":{"line":32,"column":50}},"loc":{"start":{"line":32,"column":69},"end":{"line":52,"column":1}},"line":32},"18":{"name":"(anonymous_18)","decl":{"start":{"line":46,"column":22},"end":{"line":46,"column":23}},"loc":{"start":{"line":46,"column":38},"end":{"line":51,"column":3}},"line":46},"19":{"name":"(anonymous_19)","decl":{"start":{"line":54,"column":50},"end":{"line":54,"column":51}},"loc":{"start":{"line":54,"column":70},"end":{"line":60,"column":1}},"line":54},"20":{"name":"(anonymous_20)","decl":{"start":{"line":57,"column":37},"end":{"line":57,"column":38}},"loc":{"start":{"line":57,"column":55},"end":{"line":59,"column":3}},"line":57},"21":{"name":"(anonymous_21)","decl":{"start":{"line":62,"column":53},"end":{"line":62,"column":54}},"loc":{"start":{"line":62,"column":73},"end":{"line":76,"column":1}},"line":62},"22":{"name":"(anonymous_22)","decl":{"start":{"line":69,"column":10},"end":{"line":69,"column":11}},"loc":{"start":{"line":69,"column":28},"end":{"line":71,"column":3}},"line":69},"23":{"name":"(anonymous_23)","decl":{"start":{"line":71,"column":14},"end":{"line":71,"column":15}},"loc":{"start":{"line":71,"column":29},"end":{"line":75,"column":3}},"line":71},"24":{"name":"(anonymous_24)","decl":{"start":{"line":78,"column":52},"end":{"line":78,"column":53}},"loc":{"start":{"line":78,"column":72},"end":{"line":88,"column":1}},"line":78},"25":{"name":"(anonymous_25)","decl":{"start":{"line":81,"column":51},"end":{"line":81,"column":52}},"loc":{"start":{"line":81,"column":63},"end":{"line":83,"column":3}},"line":81},"26":{"name":"(anonymous_26)","decl":{"start":{"line":83,"column":14},"end":{"line":83,"column":15}},"loc":{"start":{"line":83,"column":29},"end":{"line":87,"column":3}},"line":83},"27":{"name":"(anonymous_27)","decl":{"start":{"line":90,"column":65},"end":{"line":90,"column":66}},"loc":{"start":{"line":90,"column":77},"end":{"line":130,"column":1}},"line":90},"28":{"name":"_callee","decl":{"start":{"line":91,"column":78},"end":{"line":91,"column":85}},"loc":{"start":{"line":91,"column":96},"end":{"line":125,"column":3}},"line":91},"29":{"name":"_callee$","decl":{"start":{"line":93,"column":44},"end":{"line":93,"column":52}},"loc":{"start":{"line":93,"column":63},"end":{"line":124,"column":5}},"line":93},"30":{"name":"(anonymous_30)","decl":{"start":{"line":109,"column":90},"end":{"line":109,"column":91}},"loc":{"start":{"line":109,"column":108},"end":{"line":113,"column":13}},"line":109},"31":{"name":"(anonymous_31)","decl":{"start":{"line":113,"column":24},"end":{"line":113,"column":25}},"loc":{"start":{"line":113,"column":39},"end":{"line":117,"column":13}},"line":113},"32":{"name":"(anonymous_32)","decl":{"start":{"line":127,"column":9},"end":{"line":127,"column":10}},"loc":{"start":{"line":127,"column":28},"end":{"line":129,"column":3}},"line":127}},"branchMap":{"0":{"loc":{"start":{"line":10,"column":46},"end":{"line":10,"column":94}},"type":"cond-expr","locations":[{"start":{"line":10,"column":70},"end":{"line":10,"column":73}},{"start":{"line":10,"column":76},"end":{"line":10,"column":94}}],"line":10},"1":{"loc":{"start":{"line":10,"column":46},"end":{"line":10,"column":67}},"type":"binary-expr","locations":[{"start":{"line":10,"column":46},"end":{"line":10,"column":49}},{"start":{"line":10,"column":53},"end":{"line":10,"column":67}}],"line":10},"2":{"loc":{"start":{"line":12,"column":75},"end":{"line":12,"column":326}},"type":"if","locations":[{"start":{"line":12,"column":75},"end":{"line":12,"column":326}},{"start":{"line":12,"column":75},"end":{"line":12,"column":326}}],"line":12},"3":{"loc":{"start":{"line":12,"column":163},"end":{"line":12,"column":291}},"type":"binary-expr","locations":[{"start":{"line":12,"column":163},"end":{"line":12,"column":177}},{"start":{"line":12,"column":182},"end":{"line":12,"column":290}}],"line":12},"4":{"loc":{"start":{"line":14,"column":91},"end":{"line":14,"column":131}},"type":"cond-expr","locations":[{"start":{"line":14,"column":114},"end":{"line":14,"column":126}},{"start":{"line":14,"column":129},"end":{"line":14,"column":131}}],"line":14},"5":{"loc":{"start":{"line":14,"column":133},"end":{"line":14,"column":486}},"type":"cond-expr","locations":[{"start":{"line":14,"column":141},"end":{"line":14,"column":239}},{"start":{"line":14,"column":242},"end":{"line":14,"column":486}}],"line":14},"6":{"loc":{"start":{"line":14,"column":242},"end":{"line":14,"column":486}},"type":"cond-expr","locations":[{"start":{"line":14,"column":277},"end":{"line":14,"column":350}},{"start":{"line":14,"column":353},"end":{"line":14,"column":486}}],"line":14},"7":{"loc":{"start":{"line":16,"column":176},"end":{"line":16,"column":263}},"type":"if","locations":[{"start":{"line":16,"column":176},"end":{"line":16,"column":263}},{"start":{"line":16,"column":176},"end":{"line":16,"column":263}}],"line":16},"8":{"loc":{"start":{"line":20,"column":136},"end":{"line":20,"column":166}},"type":"binary-expr","locations":[{"start":{"line":20,"column":136},"end":{"line":20,"column":157}},{"start":{"line":20,"column":161},"end":{"line":20,"column":166}}],"line":20},"9":{"loc":{"start":{"line":20,"column":200},"end":{"line":20,"column":254}},"type":"if","locations":[{"start":{"line":20,"column":200},"end":{"line":20,"column":254}},{"start":{"line":20,"column":200},"end":{"line":20,"column":254}}],"line":20},"10":{"loc":{"start":{"line":22,"column":62},"end":{"line":22,"column":131}},"type":"if","locations":[{"start":{"line":22,"column":62},"end":{"line":22,"column":131}},{"start":{"line":22,"column":62},"end":{"line":22,"column":131}}],"line":22},"11":{"loc":{"start":{"line":22,"column":132},"end":{"line":22,"column":193}},"type":"if","locations":[{"start":{"line":22,"column":132},"end":{"line":22,"column":193}},{"start":{"line":22,"column":132},"end":{"line":22,"column":193}}],"line":22},"12":{"loc":{"start":{"line":24,"column":50},"end":{"line":24,"column":151}},"type":"if","locations":[{"start":{"line":24,"column":50},"end":{"line":24,"column":151}},{"start":{"line":24,"column":50},"end":{"line":24,"column":151}}],"line":24},"13":{"loc":{"start":{"line":26,"column":44},"end":{"line":26,"column":195}},"type":"if","locations":[{"start":{"line":26,"column":44},"end":{"line":26,"column":195}},{"start":{"line":26,"column":44},"end":{"line":26,"column":195}}],"line":26},"14":{"loc":{"start":{"line":39,"column":2},"end":{"line":43,"column":3}},"type":"if","locations":[{"start":{"line":39,"column":2},"end":{"line":43,"column":3}},{"start":{"line":39,"column":2},"end":{"line":43,"column":3}}],"line":39},"15":{"loc":{"start":{"line":95,"column":8},"end":{"line":122,"column":9}},"type":"switch","locations":[{"start":{"line":96,"column":10},"end":{"line":106,"column":16}},{"start":{"line":108,"column":10},"end":{"line":117,"column":15}},{"start":{"line":119,"column":10},"end":{"line":119,"column":17}},{"start":{"line":120,"column":10},"end":{"line":121,"column":35}}],"line":95},"16":{"loc":{"start":{"line":99,"column":12},"end":{"line":102,"column":13}},"type":"if","locations":[{"start":{"line":99,"column":12},"end":{"line":102,"column":13}},{"start":{"line":99,"column":12},"end":{"line":102,"column":13}}],"line":99}},"s":{"0":1,"1":1,"2":1,"3":1,"4":0,"5":0,"6":0,"7":0,"8":0,"9":0,"10":0,"11":0,"12":0,"13":0,"14":0,"15":0,"16":0,"17":0,"18":0,"19":0,"20":0,"21":0,"22":0,"23":0,"24":0,"25":1,"26":0,"27":0,"28":0,"29":0,"30":0,"31":0,"32":0,"33":0,"34":0,"35":0,"36":0,"37":0,"38":0,"39":0,"40":0,"41":1,"42":0,"43":1,"44":0,"45":1,"46":1,"47":0,"48":0,"49":5,"50":0,"51":5,"52":5,"53":1,"54":0,"55":1,"56":0,"57":0,"58":0,"59":0,"60":0,"61":0,"62":0,"63":0,"64":0,"65":0,"66":1,"67":0,"68":0,"69":0,"70":1,"71":0,"72":0,"73":0,"74":0,"75":0,"76":1,"77":0,"78":0,"79":0,"80":0,"81":1,"82":1,"83":0,"84":0,"85":0,"86":0,"87":0,"88":0,"89":0,"90":0,"91":0,"92":0,"93":0,"94":0,"95":1,"96":0,"97":1,"98":1},"f":{"0":1,"1":0,"2":0,"3":0,"4":0,"5":0,"6":0,"7":1,"8":0,"9":0,"10":0,"11":0,"12":0,"13":1,"14":0,"15":5,"16":0,"17":0,"18":0,"19":0,"20":0,"21":0,"22":0,"23":0,"24":0,"25":0,"26":0,"27":1,"28":0,"29":0,"30":0,"31":0,"32":0},"b":{"0":[1,0],"1":[1,1],"2":[0,0],"3":[0,0],"4":[0,0],"5":[0,0],"6":[0,0],"7":[0,0],"8":[0,0],"9":[0,0],"10":[0,1],"11":[0,1],"12":[0,0],"13":[0,5],"14":[0,0],"15":[0,0,0,0],"16":[0,0]},"inputSourceMap":{"version":3,"sources":["commentsController.js"],"names":["commentController","req","res","id","params","_id","newComment","author","body","desc","postId","Object","keys","length","status","json","msg","comment","comments","save","then","data","find","result","cid","findOne","err","findByIdAndDelete","send","findByIdAndUpdate"],"mappings":";;;;;;;AAAA;;;;;;;;;;;;;;;;;;;;IAGMA,iB;;;;gBAAAA,iB,gBAEc,UAACC,GAAD,EAAMC,GAAN,EAAc;AAC9B,MAAIC,EAAE,GAAGF,GAAG,CAACG,MAAJ,CAAWC,GAApB;AACA,MAAIC,UAAU,GAAG,EAAjB;AAEAA,EAAAA,UAAU,CAACC,MAAX,GAAoBN,GAAG,CAACO,IAAJ,CAASD,MAA7B;AACAD,EAAAA,UAAU,CAACG,IAAX,GAAkBR,GAAG,CAACO,IAAJ,CAASC,IAA3B;AACAH,EAAAA,UAAU,CAACI,MAAX,GAAoBP,EAApB;;AAEA,MAAIQ,MAAM,CAACC,IAAP,CAAYX,GAAG,CAACO,IAAhB,EAAsBK,MAAtB,KAAgC,CAApC,EAAuC;AACrC,WAAOX,GAAG,CAACY,MAAJ,CAAW,GAAX,EAAgBC,IAAhB,CAAqB;AAAEC,MAAAA,GAAG,EAAE;AAAP,KAArB,CAAP;AACD;;AACD,MAAMC,OAAO,GAAG,IAAIC,oBAAJ,CAAaZ,UAAb,CAAhB;AACAW,EAAAA,OAAO,CAACE,IAAR,GAAeC,IAAf,CAAoB,UAACC,IAAD,EAAU;AAC5BnB,IAAAA,GAAG,CAACY,MAAJ,CAAW,GAAX,EAAgBC,IAAhB,CAAqB;AAAEC,MAAAA,GAAG,EAAE,4BAAP;AAAqCK,MAAAA,IAAI,EAAJA;AAArC,KAArB;AAED,GAHD;AAID,C;;gBAlBGrB,iB,iBAoBiB,UAACC,GAAD,EAAMC,GAAN,EAAc;AACjC,MAAIC,EAAE,GAAGF,GAAG,CAACG,MAAJ,CAAWC,GAApB;;AACAa,uBAASI,IAAT,CAAc,EAAd,EACCF,IADD,CACM,UAACG,MAAD,EAAY;AAChBrB,IAAAA,GAAG,CAACY,MAAJ,CAAW,GAAX,EAAgBC,IAAhB,CAAqBQ,MAArB;AACD,GAHD;AAID,C;;gBA1BGvB,iB,oBA4BoB,UAACC,GAAD,EAAMC,GAAN,EAAc;AACpC,MAAIsB,GAAG,GAAGvB,GAAG,CAACG,MAAJ,CAAWoB,GAArB;AACA,MAAIrB,EAAE,GAAGF,GAAG,CAACG,MAAJ,CAAWD,EAApB;;AACAe,uBACGO,OADH,CACW;AAAEpB,IAAAA,GAAG,EAAEmB,GAAP;AAAYd,IAAAA,MAAM,EAAEP;AAApB,GADX,EAEGiB,IAFH,CAEQ,UAACG,MAAD,EAAY;AAChBrB,IAAAA,GAAG,CAACY,MAAJ,CAAW,GAAX,EAAgBC,IAAhB,CAAqBQ,MAArB;AACD,GAJH,WAKS,UAACG,GAAD,EAAS;AACdxB,IAAAA,GAAG,CAACY,MAAJ,CAAW,GAAX,EAAgBC,IAAhB,CAAqB;AAAEC,MAAAA,GAAG,EAAE;AAAP,KAArB;AACD,GAPH;AAQD,C;;gBAvCGhB,iB,mBAyCmB,UAACC,GAAD,EAAMC,GAAN,EAAc;AACnC,MAAIsB,GAAG,GAAGvB,GAAG,CAACG,MAAJ,CAAWoB,GAArB;;AACAN,uBACGS,iBADH,CACqBH,GADrB,EAEGJ,IAFH,CAEQ,YAAM;AACVlB,IAAAA,GAAG,CAACY,MAAJ,CAAW,GAAX,EAAgBc,IAAhB;AACD,GAJH,WAKS,UAACF,GAAD,EAAS;AACdxB,IAAAA,GAAG,CAACY,MAAJ,CAAW,GAAX,EAAgBC,IAAhB,CAAqB;AAAEC,MAAAA,GAAG,EAAE;AAAP,KAArB;AACD,GAPH;AAQD,C;;gBAnDGhB,iB;qEAqDmB,iBAAOC,GAAP,EAAYC,GAAZ;AAAA;AAAA;AAAA;AAAA;AAAA;AACjBsB,YAAAA,GADiB,GACXvB,GAAG,CAACG,MAAJ,CAAWoB,GADA;;AAAA,kBAEjBb,MAAM,CAACC,IAAP,CAAYX,GAAG,CAACO,IAAhB,EAAsBK,MAAtB,IAAgC,CAFf;AAAA;AAAA;AAAA;;AAAA,6CAGZX,GAAG,CAACY,MAAJ,CAAW,GAAX,EAAgBC,IAAhB,CAAqB;AAAEC,cAAAA,GAAG,EAAE;AAAP,aAArB,CAHY;;AAAA;AAKrBE,iCACGW,iBADH,CACqBL,GADrB,oBAC+BvB,GAAG,CAACO,IADnC,GAEGY,IAFH,CAEQ,UAACG,MAAD,EAAY;AAChBrB,cAAAA,GAAG,CAACY,MAAJ,CAAW,GAAX,EAAgBC,IAAhB,CAAqB;AAAEC,gBAAAA,GAAG,EAAE;AAAP,eAArB;AACD,aAJH,WAKS,UAACU,GAAD,EAAS;AACdxB,cAAAA,GAAG,CAACY,MAAJ,CAAW,GAAX,EAAgBC,IAAhB,CAAqB;AAAEC,gBAAAA,GAAG,EAAE;AAAP,eAArB;AACD,aAPH;;AALqB;AAAA;AAAA;AAAA;AAAA;AAAA;AAAA,G;;;;;;;eAeVhB,iB","sourceRoot":"C:\\Users\\Gaju Nadege\\Desktop\\RG-API-master\\server\\controllers\\","sourcesContent":["import comments from '../models/db/comments.js';\n\n\nclass commentController{\n\nstatic addComment = (req, res) => {\n    let id = req.params._id;\n    let newComment = {};\n\n    newComment.author = req.body.author;\n    newComment.desc = req.body.desc;\n    newComment.postId = id;\n\n    if (Object.keys(req.body).length=== 0) {\n      return res.status(409).json({ msg: \"provide data\" });\n    }\n    const comment = new comments(newComment);\n    comment.save().then((data) => {\n      res.status(200).json({ msg: \"Comment Added Successfully\", data });\n      \n    });\n  };\n  \n  static getComments = (req, res) => {\n    let id = req.params._id;\n    comments.find({})\n    .then((result) => {\n      res.status(200).json(result);\n    });\n  };\n  \n  static getCommentById = (req, res) => {\n    let cid = req.params.cid;\n    let id = req.params.id;\n    comments\n      .findOne({ _id: cid, postId: id })\n      .then((result) => {\n        res.status(200).json(result);\n      })\n      .catch((err) => {\n        res.status(404).json({ msg: \"not found\" });\n      });\n  };\n  \n  static deleteComment = (req, res) => {\n    let cid = req.params.cid;\n    comments\n      .findByIdAndDelete(cid)\n      .then(() => {\n        res.status(204).send();\n      })\n      .catch((err) => {\n        res.status(404).json({ msg: \"comment not deleted\" });\n      });\n  };\n  \n  static updateComment = async (req, res) => {\n    let cid = req.params.cid;\n    if (Object.keys(req.body).length == 0) {\n      return res.status(409).json({ msg: \"provide comment\" });\n    }\n    comments\n      .findByIdAndUpdate(cid, { ...req.body })\n      .then((result) => {\n        res.status(200).json({ msg: \"comment updated\" });\n      })\n      .catch((err) => {\n        res.status(404).json({ msg: \"Comment not updated\" });\n      });\n  };\n}\nexport default commentController;"]},"_coverageSchema":"1a1c01bbd47fc00a2c39e90264f33305004495a9","hash":"98aa186e7b993534c4e42542a5275751af88ddc9","contentHash":"9a27a776be68c81e420a550addf5034e52ed6d6f60b71cbf867b6f0a0a73fffe"},"C:\\Users\\Gaju Nadege\\Desktop\\RG-API-master\\server\\models\\db\\comments.js":{"path":"C:\\Users\\Gaju Nadege\\Desktop\\RG-API-master\\server\\models\\db\\comments.js","statementMap":{"0":{"start":{"line":3,"column":0},"end":{"line":5,"column":3}},"1":{"start":{"line":6,"column":0},"end":{"line":6,"column":28}},"2":{"start":{"line":8,"column":16},"end":{"line":8,"column":59}},"3":{"start":{"line":10,"column":39},"end":{"line":10,"column":95}},"4":{"start":{"line":12,"column":13},"end":{"line":20,"column":2}},"5":{"start":{"line":22,"column":15},"end":{"line":22,"column":60}},"6":{"start":{"line":24,"column":0},"end":{"line":24,"column":30}}},"fnMap":{"0":{"name":"_interopRequireDefault","decl":{"start":{"line":10,"column":9},"end":{"line":10,"column":31}},"loc":{"start":{"line":10,"column":37},"end":{"line":10,"column":97}},"line":10}},"branchMap":{"0":{"loc":{"start":{"line":10,"column":46},"end":{"line":10,"column":94}},"type":"cond-expr","locations":[{"start":{"line":10,"column":70},"end":{"line":10,"column":73}},{"start":{"line":10,"column":76},"end":{"line":10,"column":94}}],"line":10},"1":{"loc":{"start":{"line":10,"column":46},"end":{"line":10,"column":67}},"type":"binary-expr","locations":[{"start":{"line":10,"column":46},"end":{"line":10,"column":49}},{"start":{"line":10,"column":53},"end":{"line":10,"column":67}}],"line":10}},"s":{"0":1,"1":1,"2":1,"3":1,"4":1,"5":1,"6":1},"f":{"0":1},"b":{"0":[0,1],"1":[1,1]},"inputSourceMap":{"version":3,"sources":["comments.js"],"names":["schema","mongoose","Schema","postId","String","author","desc","type","Date","model"],"mappings":";;;;;;;AAAA;;;;AAEA,IAAMA,MAAM,GAAGC,qBAASC,MAAT,CAAgB;AAC7BC,EAAAA,MAAM,EAAEC,MADqB;AAE7BC,EAAAA,MAAM,EAAED,MAFqB;AAG7BE,EAAAA,IAAI,EAAEF,MAHuB;AAI7B,gBAAc;AAAEG,IAAAA,IAAI,EAAEC,IAAR;AAAc,eAAS,IAAIA,IAAJ;AAAvB;AAJe,CAAhB,CAAf;;eAOgBP,qBAASQ,KAAT,CAAe,SAAf,EAA0BT,MAA1B,C","sourceRoot":"C:\\Users\\Gaju Nadege\\Desktop\\RG-API-master\\server\\models\\db\\","sourcesContent":["import mongoose from \"mongoose\";\n\nconst schema = mongoose.Schema({\n  postId: String,\n  author: String,\n  desc: String,\n  \"replied-at\": { type: Date, default: new Date() },\n});\n\nexport default  mongoose.model('Comment', schema)\n"]},"_coverageSchema":"1a1c01bbd47fc00a2c39e90264f33305004495a9","hash":"665227095ffda6baa21900c6cbe50e4875b46f5f","contentHash":"dbfbffdfb76b27bab672eb5a8891fe9e5014810f37bc4a9b18b2c7cd5e2657b4"}}